2023-09-06 09:57:53.321 [info] Log level: Info
2023-09-06 09:57:53.321 [info] Validating found git in: "git"
2023-09-06 09:57:53.321 [info] Using git "2.42.0" from "git"
2023-09-06 09:57:53.321 [info] > git rev-parse --show-toplevel [6ms]
2023-09-06 09:57:53.321 [info] > git rev-parse --git-dir --git-common-dir [68ms]
2023-09-06 09:57:53.321 [info] Open repository: /home/mouss/Documents/Cours/5A GPSE - MSc IoT
2023-09-06 09:57:53.321 [info] > git config --get commit.template [1ms]
2023-09-06 09:57:53.339 [info] > git for-each-ref --format=%(refname)%00%(upstream:short)%00%(objectname)%00%(upstream:track)%00%(upstream:remotename)%00%(upstream:remoteref) refs/heads/master refs/remotes/master [6ms]
2023-09-06 09:57:53.371 [info] > git status -z -uall [18ms]
2023-09-06 09:57:54.150 [info] > git check-ignore -v -z --stdin [7ms]
2023-09-06 09:57:54.152 [info] > git config --get commit.template [74ms]
2023-09-06 09:57:54.208 [info] > git for-each-ref --format=%(refname)%00%(upstream:short)%00%(objectname)%00%(upstream:track)%00%(upstream:remotename)%00%(upstream:remoteref) refs/heads/master refs/remotes/master [2ms]
2023-09-06 09:57:54.233 [info] > git status -z -uall [13ms]
2023-09-06 09:58:07.453 [info] > git check-ignore -v -z --stdin [1ms]
2023-09-06 09:59:03.803 [info] > git config --get commit.template [14ms]
2023-09-06 09:59:03.804 [info] > git for-each-ref --format=%(refname)%00%(upstream:short)%00%(objectname)%00%(upstream:track)%00%(upstream:remotename)%00%(upstream:remoteref) refs/heads/master refs/remotes/master [3ms]
2023-09-06 09:59:03.832 [info] > git status -z -uall [19ms]
2023-09-06 09:59:06.740 [info] > git check-ignore -v -z --stdin [1ms]
2023-09-06 09:59:14.669 [info] Log level: Info
2023-09-06 09:59:14.669 [info] Validating found git in: "git"
2023-09-06 09:59:14.669 [info] Using git "2.42.0" from "git"
2023-09-06 09:59:49.732 [info] Log level: Info
2023-09-06 09:59:49.733 [info] Validating found git in: "git"
2023-09-06 09:59:49.733 [info] Using git "2.42.0" from "git"
2023-09-06 09:59:49.733 [info] > git rev-parse --show-toplevel [2ms]
2023-09-06 09:59:49.733 [info] > git rev-parse --git-dir --git-common-dir [2ms]
2023-09-06 09:59:49.733 [info] Open repository: /home/mouss/Documents/Cours/5A GPSE - MSc IoT
2023-09-06 09:59:49.733 [info] > git config --get commit.template [26ms]
2023-09-06 09:59:49.733 [info] > git rev-parse --show-toplevel [14ms]
2023-09-06 09:59:49.734 [info] > git for-each-ref --format=%(refname)%00%(upstream:short)%00%(objectname)%00%(upstream:track)%00%(upstream:remotename)%00%(upstream:remoteref) refs/heads/master refs/remotes/master [2ms]
2023-09-06 09:59:49.760 [info] > git status -z -uall [16ms]
2023-09-06 09:59:49.760 [info] > git rev-parse --show-toplevel [6ms]
2023-09-06 09:59:50.558 [info] > git config --get commit.template [242ms]
2023-09-06 09:59:50.643 [info] > git rev-parse --show-toplevel [13ms]
2023-09-06 09:59:50.645 [info] > git for-each-ref --format=%(refname)%00%(upstream:short)%00%(objectname)%00%(upstream:track)%00%(upstream:remotename)%00%(upstream:remoteref) refs/heads/master refs/remotes/master [4ms]
2023-09-06 09:59:50.676 [info] > git status -z -uall [22ms]
2023-09-06 09:59:52.130 [info] > git check-ignore -v -z --stdin [594ms]
2023-09-06 10:00:03.141 [info] > git show --textconv :Mathématiques/statistics/TPs R [14ms]
2023-09-06 10:00:03.144 [info] > git ls-files --stage -- /home/mouss/Documents/Cours/5A GPSE - MSc IoT/Mathématiques/statistics/TPs R [4ms]
2023-09-06 10:00:03.317 [info] > git check-ignore -v -z --stdin [1ms]
2023-09-06 10:00:03.953 [info] > git config --get commit.template [15ms]
2023-09-06 10:00:03.954 [info] > git for-each-ref --format=%(refname)%00%(upstream:short)%00%(objectname)%00%(upstream:track)%00%(upstream:remotename)%00%(upstream:remoteref) refs/heads/master refs/remotes/master [3ms]
2023-09-06 10:00:03.982 [info] > git status -z -uall [16ms]
2023-09-06 10:00:16.619 [info] > git config --get commit.template [13ms]
2023-09-06 10:00:16.620 [info] > git for-each-ref --format=%(refname)%00%(upstream:short)%00%(objectname)%00%(upstream:track)%00%(upstream:remotename)%00%(upstream:remoteref) refs/heads/master refs/remotes/master [4ms]
2023-09-06 10:00:16.649 [info] > git status -z -uall [18ms]
2023-09-06 10:00:21.836 [info] > git config --get commit.template [2ms]
2023-09-06 10:00:21.851 [info] > git for-each-ref --format=%(refname)%00%(upstream:short)%00%(objectname)%00%(upstream:track)%00%(upstream:remotename)%00%(upstream:remoteref) refs/heads/master refs/remotes/master [2ms]
2023-09-06 10:00:21.878 [info] > git status -z -uall [14ms]
2023-09-06 10:00:37.210 [info] > git check-ignore -v -z --stdin [13ms]
2023-09-06 10:00:37.245 [info] > git show --textconv :Mathématiques/statistics/TPs R/Intro.r [19ms]
2023-09-06 10:00:37.248 [info] > git ls-files --stage -- /home/mouss/Documents/Cours/5A GPSE - MSc IoT/Mathématiques/statistics/TPs R/Intro.r [8ms]
2023-09-06 10:00:37.827 [info] > git config --get commit.template [16ms]
2023-09-06 10:00:37.828 [info] > git for-each-ref --format=%(refname)%00%(upstream:short)%00%(objectname)%00%(upstream:track)%00%(upstream:remotename)%00%(upstream:remoteref) refs/heads/master refs/remotes/master [3ms]
2023-09-06 10:00:37.855 [info] > git status -z -uall [15ms]
2023-09-06 10:00:54.055 [info] > git check-ignore -v -z --stdin [1ms]
2023-09-06 10:00:59.561 [info] > git check-ignore -v -z --stdin [2ms]
2023-09-06 10:01:03.819 [info] > git check-ignore -v -z --stdin [2ms]
2023-09-06 10:01:07.714 [info] > git check-ignore -v -z --stdin [2ms]
2023-09-06 10:03:11.109 [info] > git config --get commit.template [15ms]
2023-09-06 10:03:11.125 [info] > git for-each-ref --format=%(refname)%00%(upstream:short)%00%(objectname)%00%(upstream:track)%00%(upstream:remotename)%00%(upstream:remoteref) refs/heads/master refs/remotes/master [18ms]
2023-09-06 10:03:11.136 [info] > git ls-files --stage -- /home/mouss/Documents/Cours/5A GPSE - MSc IoT/Mathématiques/statistics/TPs R/Intro.r [13ms]
2023-09-06 10:03:11.154 [info] > git status -z -uall [20ms]
2023-09-06 10:03:11.154 [info] > git cat-file -s e69de29bb2d1d6434b8b29ae775ad8c2e48c5391 [7ms]
2023-09-06 10:03:12.098 [info] > git show --textconv :Mathématiques/statistics/TPs R/Intro.r [7ms]
2023-09-06 10:04:01.310 [info] > git config --get commit.template [2ms]
2023-09-06 10:04:01.323 [info] > git for-each-ref --format=%(refname)%00%(upstream:short)%00%(objectname)%00%(upstream:track)%00%(upstream:remotename)%00%(upstream:remoteref) refs/heads/master refs/remotes/master [2ms]
2023-09-06 10:04:01.360 [info] > git status -z -uall [27ms]
2023-09-06 10:07:22.360 [info] > git config --get commit.template [15ms]
2023-09-06 10:07:22.361 [info] > git for-each-ref --format=%(refname)%00%(upstream:short)%00%(objectname)%00%(upstream:track)%00%(upstream:remotename)%00%(upstream:remoteref) refs/heads/master refs/remotes/master [4ms]
2023-09-06 10:07:22.376 [info] > git status -z -uall [4ms]
2023-09-06 10:07:27.495 [info] > git config --get commit.template [14ms]
2023-09-06 10:07:27.496 [info] > git for-each-ref --format=%(refname)%00%(upstream:short)%00%(objectname)%00%(upstream:track)%00%(upstream:remotename)%00%(upstream:remoteref) refs/heads/master refs/remotes/master [3ms]
2023-09-06 10:07:27.510 [info] > git status -z -uall [3ms]
2023-09-06 10:09:38.458 [info] > git config --get commit.template [15ms]
2023-09-06 10:09:38.459 [info] > git for-each-ref --format=%(refname)%00%(upstream:short)%00%(objectname)%00%(upstream:track)%00%(upstream:remotename)%00%(upstream:remoteref) refs/heads/master refs/remotes/master [2ms]
2023-09-06 10:09:38.472 [info] > git status -z -uall [3ms]
2023-09-06 10:09:59.888 [info] > git config --get commit.template [14ms]
2023-09-06 10:09:59.888 [info] > git for-each-ref --format=%(refname)%00%(upstream:short)%00%(objectname)%00%(upstream:track)%00%(upstream:remotename)%00%(upstream:remoteref) refs/heads/master refs/remotes/master [2ms]
2023-09-06 10:09:59.900 [info] > git status -z -uall [2ms]
