2023-09-06 08:08:47.490 [info] Added views:workbench.panel.markers.view in workbench.panel.markers
2023-09-06 08:08:47.490 [info] Added views:workbench.panel.output in workbench.panel.output
2023-09-06 08:08:47.490 [info] Added views:terminal in terminal
2023-09-06 08:08:47.490 [info] Added views:outline in workbench.view.explorer
2023-09-06 08:08:47.490 [info] Added views:workbench.scm in workbench.view.scm
2023-09-06 08:08:47.490 [info] Added views:workbench.view.search in workbench.view.search
2023-09-06 08:08:47.490 [info] Added views:timeline in workbench.view.explorer
2023-09-06 08:08:47.490 [info] Added views:workbench.debug.welcome in workbench.view.debug
2023-09-06 08:08:47.490 [info] Added views:workbench.explorer.fileView in workbench.view.explorer
2023-09-06 08:08:47.891 [info] Added views:dockerContainers,dockerImages,dockerRegistries,dockerNetworks,dockerVolumes,vscode-docker.views.dockerContexts,vscode-docker.views.help in workbench.view.extension.dockerView
2023-09-06 08:08:47.892 [info] Added views:liveshare.session in workbench.view.extension.liveshare
2023-09-06 08:08:47.893 [info] Added views:platformio-ide.quickAccess in workbench.view.extension.platformio
2023-09-06 08:08:47.894 [info] Added views:platformio-debug.peripherals,platformio-debug.registers,platformio-debug.memory,platformio-debug.disassembly in workbench.view.debug
2023-09-06 08:08:48.153 [info] Added views:workbench.panel.repl.view in workbench.panel.repl
2023-09-06 08:08:49.323 [info] Added views:jupyterViewVariables in workbench.view.extension.jupyter-variables
2023-09-06 08:08:49.339 [info] Added views:cell-tag in workbench.view.extension.jupyter-variables
2023-09-06 08:08:49.632 [info] Added views:workbench.view.testing in workbench.view.extension.test
2023-09-06 08:09:14.545 [info] Removed views:cell-tag,jupyterViewVariables from workbench.view.extension.jupyter-variables
2023-09-06 08:09:22.363 [info] Added views:workbench.views.extensions.installed,workbench.views.extensions.popular,extensions.recommendedList in workbench.view.extensions
2023-09-06 08:09:22.369 [info] Removed views:workbench.views.extensions.popular from workbench.view.extensions
2023-09-06 08:09:24.455 [info] Removed views:extensions.recommendedList,workbench.views.extensions.installed from workbench.view.extensions
2023-09-06 08:09:24.482 [info] Added views:workbench.views.extensions.marketplace in workbench.view.extensions
2023-09-06 08:13:24.024 [info] Removed views:workbench.views.extensions.marketplace from workbench.view.extensions
2023-09-06 08:13:24.063 [info] Added views:workbench.views.extensions.installed,extensions.recommendedList in workbench.view.extensions
2023-09-06 08:13:25.191 [info] Removed views:extensions.recommendedList,workbench.views.extensions.installed from workbench.view.extensions
2023-09-06 08:13:25.214 [info] Added views:workbench.views.extensions.marketplace in workbench.view.extensions
2023-09-06 08:13:40.405 [info] Added views:workspaceViewer in workbench.view.extension.workspaceViewer
2023-09-06 09:00:55.767 [info] Removed views:workbench.view.testing from workbench.view.extension.test
