2023-09-07 10:40:07.244 [info] Log level: Info
2023-09-07 10:40:07.244 [info] Validating found git in: "git"
2023-09-07 10:40:07.244 [info] Using git "2.42.0" from "git"
2023-09-07 10:40:07.244 [info] > git rev-parse --show-toplevel [194ms]
2023-09-07 10:40:07.313 [info] > git rev-parse --git-dir --git-common-dir [73ms]
2023-09-07 10:40:07.376 [info] Open repository: /home/mouss/Documents/Cours/5A GPSE - MSc IoT
2023-09-07 10:40:07.481 [info] > git config --get commit.template [46ms]
2023-09-07 10:40:07.523 [info] > git rev-parse --show-toplevel [46ms]
2023-09-07 10:40:07.568 [info] > git for-each-ref --format=%(refname)%00%(upstream:short)%00%(objectname)%00%(upstream:track)%00%(upstream:remotename)%00%(upstream:remoteref) refs/heads/master refs/remotes/master [50ms]
2023-09-07 10:40:07.594 [info] > git rev-parse --show-toplevel [28ms]
2023-09-07 10:40:07.620 [info] > git status -z -uall [29ms]
2023-09-07 10:40:07.700 [info] > git config --get commit.template [18ms]
2023-09-07 10:40:07.701 [info] > git for-each-ref --format=%(refname)%00%(upstream:short)%00%(objectname)%00%(upstream:track)%00%(upstream:remotename)%00%(upstream:remoteref) refs/heads/master refs/remotes/master [4ms]
2023-09-07 10:40:07.722 [info] > git status -z -uall [5ms]
2023-09-07 10:40:08.659 [info] > git check-ignore -v -z --stdin [8ms]
2023-09-07 10:40:09.218 [info] > git show --textconv :Mathématiques/statistics/TPs R/Intro.r [32ms]
2023-09-07 10:40:09.229 [info] > git ls-files --stage -- /home/mouss/Documents/Cours/5A GPSE - MSc IoT/Mathématiques/statistics/TPs R/Intro.r [14ms]
2023-09-07 10:40:09.258 [info] > git cat-file -s e69de29bb2d1d6434b8b29ae775ad8c2e48c5391 [7ms]
2023-09-07 10:40:34.874 [info] > git check-ignore -v -z --stdin [4ms]
2023-09-07 10:40:40.872 [info] Log level: Info
2023-09-07 10:40:40.872 [info] Validating found git in: "git"
2023-09-07 10:40:40.872 [info] Using git "2.42.0" from "git"
2023-09-07 10:41:13.723 [info] Log level: Info
2023-09-07 10:41:13.723 [info] Validating found git in: "git"
2023-09-07 10:41:13.723 [info] Using git "2.42.0" from "git"
2023-09-07 10:41:13.735 [info] > git rev-parse --show-toplevel [202ms]
2023-09-07 10:41:13.802 [info] > git rev-parse --git-dir --git-common-dir [39ms]
2023-09-07 10:41:13.834 [info] Open repository: /home/mouss/Documents/Cours/5A GPSE - MSc IoT
2023-09-07 10:41:13.889 [info] > git config --get commit.template [26ms]
2023-09-07 10:41:13.923 [info] > git rev-parse --show-toplevel [39ms]
2023-09-07 10:41:13.929 [info] > git for-each-ref --format=%(refname)%00%(upstream:short)%00%(objectname)%00%(upstream:track)%00%(upstream:remotename)%00%(upstream:remoteref) refs/heads/master refs/remotes/master [11ms]
2023-09-07 10:41:13.991 [info] > git status -z -uall [33ms]
2023-09-07 10:41:13.992 [info] > git rev-parse --show-toplevel [6ms]
2023-09-07 10:41:14.131 [info] > git config --get commit.template [56ms]
2023-09-07 10:41:14.170 [info] > git for-each-ref --format=%(refname)%00%(upstream:short)%00%(objectname)%00%(upstream:track)%00%(upstream:remotename)%00%(upstream:remoteref) refs/heads/master refs/remotes/master [41ms]
2023-09-07 10:41:14.195 [info] > git rev-parse --show-toplevel [90ms]
2023-09-07 10:41:14.207 [info] > git status -z -uall [14ms]
2023-09-07 10:41:15.333 [info] > git check-ignore -v -z --stdin [11ms]
2023-09-07 10:41:17.841 [info] > git check-ignore -v -z --stdin [48ms]
2023-09-07 10:41:18.350 [info] > git config --get commit.template [41ms]
2023-09-07 10:41:18.395 [info] > git for-each-ref --format=%(refname)%00%(upstream:short)%00%(objectname)%00%(upstream:track)%00%(upstream:remotename)%00%(upstream:remoteref) refs/heads/master refs/remotes/master [12ms]
2023-09-07 10:41:18.427 [info] > git status -z -uall [6ms]
2023-09-07 10:41:24.051 [info] > git config --get commit.template [24ms]
2023-09-07 10:41:24.053 [info] > git for-each-ref --format=%(refname)%00%(upstream:short)%00%(objectname)%00%(upstream:track)%00%(upstream:remotename)%00%(upstream:remoteref) refs/heads/master refs/remotes/master [4ms]
2023-09-07 10:41:24.076 [info] > git status -z -uall [4ms]
2023-09-07 10:42:21.786 [info] > git config --get commit.template [21ms]
2023-09-07 10:42:21.787 [info] > git for-each-ref --format=%(refname)%00%(upstream:short)%00%(objectname)%00%(upstream:track)%00%(upstream:remotename)%00%(upstream:remoteref) refs/heads/master refs/remotes/master [4ms]
2023-09-07 10:42:21.810 [info] > git status -z -uall [4ms]
2023-09-07 10:43:21.044 [info] > git config --get commit.template [26ms]
2023-09-07 10:43:21.045 [info] > git for-each-ref --format=%(refname)%00%(upstream:short)%00%(objectname)%00%(upstream:track)%00%(upstream:remotename)%00%(upstream:remoteref) refs/heads/master refs/remotes/master [4ms]
2023-09-07 10:43:21.072 [info] > git status -z -uall [3ms]
2023-09-07 10:43:34.521 [info] > git config --get commit.template [21ms]
2023-09-07 10:43:34.523 [info] > git for-each-ref --format=%(refname)%00%(upstream:short)%00%(objectname)%00%(upstream:track)%00%(upstream:remotename)%00%(upstream:remoteref) refs/heads/master refs/remotes/master [3ms]
2023-09-07 10:43:34.545 [info] > git status -z -uall [4ms]
2023-09-07 10:47:59.800 [info] > git config --get commit.template [4ms]
2023-09-07 10:47:59.827 [info] > git for-each-ref --format=%(refname)%00%(upstream:short)%00%(objectname)%00%(upstream:track)%00%(upstream:remotename)%00%(upstream:remoteref) refs/heads/master refs/remotes/master [4ms]
2023-09-07 10:47:59.852 [info] > git status -z -uall [4ms]
2023-09-07 11:10:01.798 [info] > git config --get commit.template [20ms]
2023-09-07 11:10:01.801 [info] > git for-each-ref --format=%(refname)%00%(upstream:short)%00%(objectname)%00%(upstream:track)%00%(upstream:remotename)%00%(upstream:remoteref) refs/heads/master refs/remotes/master [4ms]
2023-09-07 11:10:01.822 [info] > git status -z -uall [4ms]
2023-09-07 11:16:24.930 [info] > git config --get commit.template [20ms]
2023-09-07 11:16:24.932 [info] > git for-each-ref --format=%(refname)%00%(upstream:short)%00%(objectname)%00%(upstream:track)%00%(upstream:remotename)%00%(upstream:remoteref) refs/heads/master refs/remotes/master [3ms]
2023-09-07 11:16:24.953 [info] > git status -z -uall [3ms]
2023-09-07 11:23:55.138 [info] > git config --get commit.template [21ms]
2023-09-07 11:23:55.139 [info] > git for-each-ref --format=%(refname)%00%(upstream:short)%00%(objectname)%00%(upstream:track)%00%(upstream:remotename)%00%(upstream:remoteref) refs/heads/master refs/remotes/master [4ms]
2023-09-07 11:23:55.161 [info] > git status -z -uall [4ms]
2023-09-07 11:29:13.731 [info] > git config --get commit.template [28ms]
2023-09-07 11:29:13.732 [info] > git for-each-ref --format=%(refname)%00%(upstream:short)%00%(objectname)%00%(upstream:track)%00%(upstream:remotename)%00%(upstream:remoteref) refs/heads/master refs/remotes/master [5ms]
2023-09-07 11:29:13.752 [info] > git status -z -uall [5ms]
2023-09-07 11:31:14.284 [info] > git config --get commit.template [13ms]
2023-09-07 11:31:14.286 [info] > git for-each-ref --format=%(refname)%00%(upstream:short)%00%(objectname)%00%(upstream:track)%00%(upstream:remotename)%00%(upstream:remoteref) refs/heads/master refs/remotes/master [1ms]
2023-09-07 11:31:14.301 [info] > git status -z -uall [2ms]
