2023-09-05 11:38:13.394 [info] Telemetry level is off
2023-09-05 11:38:13.394 [info] Experiments are disabled, only manually opted experiments are active.
2023-09-05 11:38:13.394 [info] Test server listening.
2023-09-05 11:38:13.394 [info] > conda info --json
2023-09-05 11:38:13.394 [info] Python interpreter path: /bin/python
2023-09-05 11:38:13.888 [info] Found: /bin/python --> /bin/python3.11
2023-09-05 11:38:13.950 [info] Found: /bin/python3 --> /bin/python3.11
2023-09-05 11:38:13.951 [info] Found: /bin/python3.11 --> /bin/python3.11
2023-09-05 11:38:14.018 [info] Found: /sbin/python --> /sbin/python3.11
2023-09-05 11:38:14.018 [info] Found: /sbin/python3 --> /sbin/python3.11
2023-09-05 11:38:14.018 [info] Found: /sbin/python3.11 --> /sbin/python3.11
2023-09-05 11:38:14.042 [info] Found: /usr/bin/python --> /usr/bin/python3.11
2023-09-05 11:38:14.043 [info] Found: /usr/bin/python3 --> /usr/bin/python3.11
2023-09-05 11:38:14.043 [info] Found: /usr/bin/python3.11 --> /usr/bin/python3.11
2023-09-05 11:38:14.108 [info] Found: /usr/sbin/python --> /usr/sbin/python3.11
2023-09-05 11:38:14.108 [info] Found: /usr/sbin/python3 --> /usr/sbin/python3.11
2023-09-05 11:38:14.108 [info] Found: /usr/sbin/python3.11 --> /usr/sbin/python3.11
2023-09-05 11:38:14.148 [info] > /bin/python -I ~/.vscode-oss/extensions/ms-python.python-2023.14.0/pythonFiles/get_output_via_markers.py ~/.vscode-oss/extensions/ms-python.python-2023.14.0/pythonFiles/interpreterInfo.py
2023-09-05 11:38:14.183 [info] > /sbin/python -I ~/.vscode-oss/extensions/ms-python.python-2023.14.0/pythonFiles/get_output_via_markers.py ~/.vscode-oss/extensions/ms-python.python-2023.14.0/pythonFiles/interpreterInfo.py
2023-09-05 11:38:14.270 [info] > /usr/bin/python -I ~/.vscode-oss/extensions/ms-python.python-2023.14.0/pythonFiles/get_output_via_markers.py ~/.vscode-oss/extensions/ms-python.python-2023.14.0/pythonFiles/interpreterInfo.py
2023-09-05 11:38:14.314 [info] > /usr/sbin/python -I ~/.vscode-oss/extensions/ms-python.python-2023.14.0/pythonFiles/get_output_via_markers.py ~/.vscode-oss/extensions/ms-python.python-2023.14.0/pythonFiles/interpreterInfo.py
2023-09-05 11:38:14.740 [info] Starting Pylance language server.
