2023-09-06 09:57:51.594 [warning] Via 'product.json#extensionEnabledApiProposals' extension 'github.vscode-pull-request-github' wants API proposal 'quickPickItemIcon' but that proposal DOES NOT EXIST. Likely, the proposal has been finalized (check 'vscode.d.ts') or was abandoned.
2023-09-06 09:57:52.575 [warning] [REditorSupport.r]: Cannot register 'r.rpath.windows'. This property is already registered.
2023-09-06 09:57:52.576 [warning] [REditorSupport.r]: Cannot register 'r.rpath.mac'. This property is already registered.
2023-09-06 09:57:52.577 [warning] [REditorSupport.r]: Cannot register 'r.rpath.linux'. This property is already registered.
2023-09-06 09:57:52.577 [warning] [twxs.cmake]: Cannot register 'cmake.cmakePath'. This property is already registered.
2023-09-06 09:57:55.624 [info] [perf] Render performance baseline is 222ms
2023-09-06 09:59:13.551 [warning] Via 'product.json#extensionEnabledApiProposals' extension 'github.vscode-pull-request-github' wants API proposal 'quickPickItemIcon' but that proposal DOES NOT EXIST. Likely, the proposal has been finalized (check 'vscode.d.ts') or was abandoned.
2023-09-06 09:59:14.087 [warning] [REditorSupport.r]: Cannot register 'r.rpath.windows'. This property is already registered.
2023-09-06 09:59:14.088 [warning] [REditorSupport.r]: Cannot register 'r.rpath.mac'. This property is already registered.
2023-09-06 09:59:14.089 [warning] [REditorSupport.r]: Cannot register 'r.rpath.linux'. This property is already registered.
2023-09-06 09:59:14.089 [warning] [twxs.cmake]: Cannot register 'cmake.cmakePath'. This property is already registered.
2023-09-06 09:59:17.509 [info] [perf] Render performance baseline is 184ms
2023-09-06 09:59:48.687 [warning] Via 'product.json#extensionEnabledApiProposals' extension 'github.vscode-pull-request-github' wants API proposal 'quickPickItemIcon' but that proposal DOES NOT EXIST. Likely, the proposal has been finalized (check 'vscode.d.ts') or was abandoned.
2023-09-06 09:59:49.051 [warning] [REditorSupport.r]: Cannot register 'r.rpath.windows'. This property is already registered.
2023-09-06 09:59:49.052 [warning] [REditorSupport.r]: Cannot register 'r.rpath.mac'. This property is already registered.
2023-09-06 09:59:49.054 [warning] [REditorSupport.r]: Cannot register 'r.rpath.linux'. This property is already registered.
2023-09-06 09:59:49.054 [warning] [twxs.cmake]: Cannot register 'cmake.cmakePath'. This property is already registered.
2023-09-06 09:59:52.145 [error] [Extension Host] (node:56903) [DEP0005] DeprecationWarning: Buffer() is deprecated due to security and usability issues. Please use the Buffer.alloc(), Buffer.allocUnsafe(), or Buffer.from() methods instead.
(Use `exe --trace-deprecation ...` to show where the warning was created)
2023-09-06 09:59:52.721 [info] [perf] Render performance baseline is 242ms
