2023-09-06 09:57:52.153 [info] Added views:workbench.panel.markers.view in workbench.panel.markers
2023-09-06 09:57:52.153 [info] Added views:workbench.panel.output in workbench.panel.output
2023-09-06 09:57:52.153 [info] Added views:terminal in terminal
2023-09-06 09:57:52.153 [info] Added views:outline in workbench.view.explorer
2023-09-06 09:57:52.153 [info] Added views:workbench.scm in workbench.view.scm
2023-09-06 09:57:52.153 [info] Added views:workbench.view.search in workbench.view.search
2023-09-06 09:57:52.153 [info] Added views:timeline in workbench.view.explorer
2023-09-06 09:57:52.153 [info] Added views:workbench.explorer.fileView in workbench.view.explorer
2023-09-06 09:57:52.722 [info] Added views:dockerContainers,dockerImages,dockerRegistries,dockerNetworks,dockerVolumes,vscode-docker.views.dockerContexts,vscode-docker.views.help in workbench.view.extension.dockerView
2023-09-06 09:57:52.727 [info] Added views:liveshare.session in workbench.view.extension.liveshare
2023-09-06 09:57:52.728 [info] Added views:platformio-ide.quickAccess in workbench.view.extension.platformio
2023-09-06 09:57:52.728 [info] Added views:platformio-debug.peripherals,platformio-debug.registers,platformio-debug.memory,platformio-debug.disassembly in workbench.view.debug
2023-09-06 09:57:52.729 [info] Added views:workspaceViewer in workbench.view.extension.workspaceViewer
2023-09-06 09:57:52.927 [info] Added views:workbench.debug.welcome in workbench.view.debug
2023-09-06 09:57:52.976 [info] Added views:workbench.panel.repl.view in workbench.panel.repl
2023-09-06 09:59:13.744 [info] Added views:workbench.panel.markers.view in workbench.panel.markers
2023-09-06 09:59:13.744 [info] Added views:workbench.panel.output in workbench.panel.output
2023-09-06 09:59:13.744 [info] Added views:terminal in terminal
2023-09-06 09:59:13.744 [info] Added views:outline in workbench.view.explorer
2023-09-06 09:59:13.744 [info] Added views:workbench.scm in workbench.view.scm
2023-09-06 09:59:13.744 [info] Added views:workbench.view.search in workbench.view.search
2023-09-06 09:59:13.744 [info] Added views:timeline in workbench.view.explorer
2023-09-06 09:59:13.744 [info] Added views:workbench.explorer.emptyView in workbench.view.explorer
2023-09-06 09:59:14.210 [info] Added views:dockerContainers,dockerImages,dockerRegistries,dockerNetworks,dockerVolumes,vscode-docker.views.dockerContexts,vscode-docker.views.help in workbench.view.extension.dockerView
2023-09-06 09:59:14.215 [info] Added views:liveshare.session in workbench.view.extension.liveshare
2023-09-06 09:59:14.216 [info] Added views:platformio-ide.quickAccess in workbench.view.extension.platformio
2023-09-06 09:59:14.217 [info] Added views:platformio-debug.peripherals,platformio-debug.registers,platformio-debug.memory,platformio-debug.disassembly in workbench.view.debug
2023-09-06 09:59:14.217 [info] Added views:workspaceViewer in workbench.view.extension.workspaceViewer
2023-09-06 09:59:14.395 [info] Added views:workbench.debug.variablesView,workbench.debug.watchExpressionsView,workbench.debug.callStackView,workbench.debug.breakPointsView in workbench.view.debug
2023-09-06 09:59:14.553 [info] Added views:workbench.panel.repl.view in workbench.panel.repl
2023-09-06 09:59:14.554 [info] Removed views:workbench.debug.breakPointsView,workbench.debug.callStackView,workbench.debug.watchExpressionsView,workbench.debug.variablesView from workbench.view.debug
2023-09-06 09:59:14.554 [info] Added views:workbench.debug.welcome in workbench.view.debug
2023-09-06 09:59:48.850 [info] Added views:workbench.panel.markers.view in workbench.panel.markers
2023-09-06 09:59:48.850 [info] Added views:workbench.panel.output in workbench.panel.output
2023-09-06 09:59:48.850 [info] Added views:terminal in terminal
2023-09-06 09:59:48.850 [info] Added views:outline in workbench.view.explorer
2023-09-06 09:59:48.850 [info] Added views:workbench.scm in workbench.view.scm
2023-09-06 09:59:48.850 [info] Added views:workbench.view.search in workbench.view.search
2023-09-06 09:59:48.850 [info] Added views:timeline in workbench.view.explorer
2023-09-06 09:59:48.850 [info] Added views:workbench.explorer.fileView in workbench.view.explorer
2023-09-06 09:59:49.166 [info] Added views:dockerContainers,dockerImages,dockerRegistries,dockerNetworks,dockerVolumes,vscode-docker.views.dockerContexts,vscode-docker.views.help in workbench.view.extension.dockerView
2023-09-06 09:59:49.170 [info] Added views:liveshare.session in workbench.view.extension.liveshare
2023-09-06 09:59:49.170 [info] Added views:platformio-ide.quickAccess in workbench.view.extension.platformio
2023-09-06 09:59:49.171 [info] Added views:platformio-debug.peripherals,platformio-debug.registers,platformio-debug.memory,platformio-debug.disassembly in workbench.view.debug
2023-09-06 09:59:49.172 [info] Added views:workspaceViewer in workbench.view.extension.workspaceViewer
2023-09-06 09:59:49.406 [info] Added views:workbench.debug.variablesView,workbench.debug.watchExpressionsView,workbench.debug.callStackView,workbench.debug.breakPointsView in workbench.view.debug
2023-09-06 09:59:49.450 [info] Added views:workbench.panel.repl.view in workbench.panel.repl
2023-09-06 09:59:49.451 [info] Removed views:workbench.debug.breakPointsView,workbench.debug.callStackView,workbench.debug.watchExpressionsView,workbench.debug.variablesView from workbench.view.debug
2023-09-06 09:59:49.453 [info] Added views:workbench.debug.welcome in workbench.view.debug
2023-09-06 09:59:50.600 [info] Added views:workbench.views.extensions.installed,workbench.views.extensions.popular,extensions.recommendedList in workbench.view.extensions
2023-09-06 09:59:50.603 [info] Removed views:workbench.views.extensions.popular from workbench.view.extensions
2023-09-06 09:59:50.853 [info] Added views:rHelpPages in workbench.view.extension.workspaceViewer
2023-09-06 09:59:51.309 [info] Removed views:extensions.recommendedList,workbench.views.extensions.installed from workbench.view.extensions
2023-09-06 09:59:51.385 [info] Added views:workbench.views.extensions.searchInstalled in workbench.view.extensions
2023-09-06 09:59:52.948 [info] Added views:rLiveShare in workbench.view.extension.workspaceViewer
