VSCodium (1.81.1, undefined, desktop)
Jupyter Extension Version: 2023.7.1002162226.
Python Extension Version: 2023.14.0.
Platform: linux (x64).
Workspace folder ~/Documents/Cours/5A GPSE - MSc IoT/Mathématiques, Home = /home/mouss
08:08:48.585 [info] Telemetry level is off
08:08:48.586 [info] Experiments are disabled, only manually opted experiments are active.
08:08:49.020 [info] Start refreshing Interpreter Kernel Picker (1693980529020)
08:08:49.027 [info] Using Pylance
08:08:50.105 [info] Starting Kernel startUsingPythonInterpreter, .jvsc74a57bd0e7370f93d1d0cde622a1f8e1c04877d8463912d04d973331ad4851f04de6915a./bin/python./bin/python.-m#ipykernel_launcher  (Python Path: /bin/python, Unknown, 3.11.5) for '~/Documents/Cours/5A GPSE - MSc IoT/Mathématiques/Intro.ipynb' (disableUI=true)
08:08:50.208 [warn] Failed to get activated env vars for /bin/python in 529ms
08:08:50.213 [warn] Failed to get activated env vars for /bin/python in 102ms
08:08:50.233 [info] Process Execution: /bin/python -c "import site;print("USER_BASE_VALUE");print(site.USER_BASE);print("USER_BASE_VALUE");"
08:08:50.271 [info] Process Execution: /bin/python -m pip list
08:08:50.283 [info] Process Execution: /bin/python -c "import ipykernel; print(ipykernel.__version__); print("5dc3a68c-e34e-4080-9c3e-2a532b2ccb4d"); print(ipykernel.__file__)"
08:08:50.299 [info] Process Execution: /bin/python -m ipykernel_launcher --ip=127.0.0.1 --stdin=9003 --control=9001 --hb=9000 --Session.signature_scheme="hmac-sha256" --Session.key=b"62a2e4d4-e677-470d-a22b-f8b33f5416e2" --shell=9002 --transport="tcp" --iopub=9004 --f=~/.local/share/jupyter/runtime/kernel-v2-2116D9UCP8N7i2LY.json
    > cwd: ~/Documents/Cours/5A GPSE - MSc IoT/Mathématiques
08:08:50.735 [info] ipykernel version & path 6.23.1, ~/.local/lib/python3.11/site-packages/ipykernel/__init__.py for /bin/python
08:08:51.186 [warn] StdErr from Kernel Process 0.00s - Debugger warning: It seems that frozen modules are being used, which may
0.00s - make the debugger miss breakpoints. Please pass -Xfrozen_modules=off
0.00s - to python to disable frozen modules.
0.00s - Note: Debugging will proceed. Set PYDEVD_DISABLE_FILE_VALIDATION=1 to disable this validation.
08:08:51.351 [warn] StdErr from Kernel Process ~/.local/lib/python3.11/site-packages/traitlets/traitlets.py:2548: FutureWarning: Supporting extra quotes around strings is deprecated in traitlets 5.0. You can use 'hmac-sha256' instead of '"hmac-sha256"' if you require traitlets >=5.
  warn(
08:08:51.352 [warn] StdErr from Kernel Process ~/.local/lib/python3.11/site-packages/traitlets/traitlets.py:2499: FutureWarning: Supporting extra quotes around Bytes is deprecated in traitlets 5.0. Use '62a2e4d4-e677-470d-a22b-f8b33f5416e2' instead of 'b"62a2e4d4-e677-470d-a22b-f8b33f5416e2"'.
  warn(
08:08:51.575 [info] Started Kernel Python 3.11.5 (pid: 2282)
08:08:51.575 [info] Started new session 62f947d7-116b-4f62-83b1-32548c62f73e
08:08:51.608 [info] End refreshing Interpreter Kernel Picker (1693980529020)
08:08:51.641 [info] Process Execution: /bin/python ~/.vscode-oss/extensions/ms-toolsai.jupyter-2023.7.1002162226-linux-x64/pythonFiles/printJupyterDataDir.py
08:09:09.872 [info] Loading webview. View is notset
08:09:09.874 [info] Loading web view...
08:09:09.876 [info] Webview panel created.
08:09:10.324 [info] Web view react rendered
08:09:14.468 [info] Dispose Kernel '~/Documents/Cours/5A GPSE - MSc IoT/Mathématiques/Intro.ipynb' associated with '~/Documents/Cours/5A GPSE - MSc IoT/Mathématiques/Intro.ipynb'
08:09:14.479 [info] Dispose Kernel process 2282.
09:00:55.774 [info] Disposing HostJupyterExecution
09:00:55.774 [info] Shutting down notebooks for feca7b50-4466-4c27-aafa-ed2e9937b701
09:00:55.774 [info] Dispose Kernel '~/Documents/Cours/5A GPSE - MSc IoT/Mathématiques/Intro.ipynb' associated with '~/Documents/Cours/5A GPSE - MSc IoT/Mathématiques/Intro.ipynb'
09:00:55.775 [info] Disposing HostJupyterExecution
