2023-09-06 09:57:52.885 [info] Extension host with pid 55976 started
2023-09-06 09:57:52.885 [info] Skipping acquiring lock for /home/mouss/.config/VSCodium/User/workspaceStorage/b3eecad965e220d530861aff7d13bca6.
2023-09-06 09:57:52.983 [info] ExtensionService#_doActivateExtension vscode.git-base, startup: true, activationEvent: '*', root cause: vscode.git
2023-09-06 09:57:53.077 [info] ExtensionService#_doActivateExtension vscode.git, startup: true, activationEvent: '*'
2023-09-06 09:57:53.104 [info] ExtensionService#_doActivateExtension vscode.github, startup: true, activationEvent: '*'
2023-09-06 09:57:53.171 [info] Eager extensions activated
2023-09-06 09:57:53.210 [info] ExtensionService#_doActivateExtension vscode.debug-auto-launch, startup: false, activationEvent: 'onStartupFinished'
2023-09-06 09:57:53.213 [info] ExtensionService#_doActivateExtension vscode.merge-conflict, startup: false, activationEvent: 'onStartupFinished'
2023-09-06 09:57:53.220 [info] ExtensionService#_doActivateExtension aaron-bond.better-comments, startup: false, activationEvent: 'onStartupFinished'
2023-09-06 09:57:53.228 [info] ExtensionService#_doActivateExtension esbenp.prettier-vscode, startup: false, activationEvent: 'onStartupFinished'
2023-09-06 09:57:53.524 [warning] [Decorations] CAPPING events from decorations provider vscode.git 2623
2023-09-06 09:57:54.309 [warning] [Decorations] CAPPING events from decorations provider vscode.git 2623
2023-09-06 09:59:04.014 [warning] [Decorations] CAPPING events from decorations provider vscode.git 5243
2023-09-06 09:59:12.484 [info] Extension host terminating: renderer closed the MessagePort
2023-09-06 09:59:12.508 [error] Canceled: Canceled
	at new d (/opt/vscodium-bin/resources/app/out/vs/workbench/api/node/extensionHostProcess.js:102:63475)
	at t._remoteCall (/opt/vscodium-bin/resources/app/out/vs/workbench/api/node/extensionHostProcess.js:114:10623)
	at N.<computed>.F.charCodeAt.N.<computed> (/opt/vscodium-bin/resources/app/out/vs/workbench/api/node/extensionHostProcess.js:114:7163)
	at a._doExecuteCommand (/opt/vscodium-bin/resources/app/out/vs/workbench/api/node/extensionHostProcess.js:102:88663)
	at a.executeCommand (/opt/vscodium-bin/resources/app/out/vs/workbench/api/node/extensionHostProcess.js:102:87988)
	at w.registerCommand.description (/opt/vscodium-bin/resources/app/out/vs/workbench/api/node/extensionHostProcess.js:102:87229)
	at a._executeContributedCommand (/opt/vscodium-bin/resources/app/out/vs/workbench/api/node/extensionHostProcess.js:102:89298)
	at a._doExecuteCommand (/opt/vscodium-bin/resources/app/out/vs/workbench/api/node/extensionHostProcess.js:102:88121)
	at a.executeCommand (/opt/vscodium-bin/resources/app/out/vs/workbench/api/node/extensionHostProcess.js:102:87988)
	at Object.executeCommand (/opt/vscodium-bin/resources/app/out/vs/workbench/api/node/extensionHostProcess.js:120:27031)
	at r.D [as value] (/opt/vscodium-bin/resources/app/extensions/git/dist/main.js:2:1261639)
	at f._deliver (/opt/vscodium-bin/resources/app/out/vs/workbench/api/node/extensionHostProcess.js:63:2465)
	at f._deliverQueue (/opt/vscodium-bin/resources/app/out/vs/workbench/api/node/extensionHostProcess.js:63:2556)
	at f.fire (/opt/vscodium-bin/resources/app/out/vs/workbench/api/node/extensionHostProcess.js:63:2891)
	at Object.m [as dispose] (/opt/vscodium-bin/resources/app/extensions/git/dist/main.js:2:1277242)
	at /opt/vscodium-bin/resources/app/extensions/git/dist/main.js:2:1281972
	at Array.forEach (<anonymous>)
	at g.dispose (/opt/vscodium-bin/resources/app/extensions/git/dist/main.js:2:1281958)
	at b.<anonymous> (/opt/vscodium-bin/resources/app/out/vs/workbench/api/node/extensionHostProcess.js:98:4943)
	at b.dispose (/opt/vscodium-bin/resources/app/out/vs/workbench/api/node/extensionHostProcess.js:98:5040)
	at b.<anonymous> (/opt/vscodium-bin/resources/app/extensions/git/dist/main.js:2:1263652)
	at b.dispose (/opt/vscodium-bin/resources/app/out/vs/workbench/api/node/extensionHostProcess.js:98:5040)
	at C (/opt/vscodium-bin/resources/app/out/vs/workbench/api/node/extensionHostProcess.js:13:12153)
	at r._deactivate (/opt/vscodium-bin/resources/app/out/vs/workbench/api/node/extensionHostProcess.js:116:12653)
	at /opt/vscodium-bin/resources/app/out/vs/workbench/api/node/extensionHostProcess.js:116:9849
	at Array.map (<anonymous>)
	at r._deactivateAll (/opt/vscodium-bin/resources/app/out/vs/workbench/api/node/extensionHostProcess.js:116:9837)
	at r.terminate (/opt/vscodium-bin/resources/app/out/vs/workbench/api/node/extensionHostProcess.js:116:10220)
	at s.terminate (/opt/vscodium-bin/resources/app/out/vs/workbench/api/node/extensionHostProcess.js:120:1901)
	at I (/opt/vscodium-bin/resources/app/out/vs/workbench/api/node/extensionHostProcess.js:130:38659)
	at MessagePortMain.<anonymous> (/opt/vscodium-bin/resources/app/out/vs/workbench/api/node/extensionHostProcess.js:130:34734)
	at MessagePortMain.emit (node:events:513:28)
	at MessagePortMain._internalPort.emit (node:electron/js2c/utility_init:2:367) setContext undefined
2023-09-06 09:59:12.512 [error] Canceled: Canceled
	at new d (/opt/vscodium-bin/resources/app/out/vs/workbench/api/node/extensionHostProcess.js:102:63475)
	at t._remoteCall (/opt/vscodium-bin/resources/app/out/vs/workbench/api/node/extensionHostProcess.js:114:10623)
	at N.<computed>.F.charCodeAt.N.<computed> (/opt/vscodium-bin/resources/app/out/vs/workbench/api/node/extensionHostProcess.js:114:7163)
	at a._doExecuteCommand (/opt/vscodium-bin/resources/app/out/vs/workbench/api/node/extensionHostProcess.js:102:88663)
	at a.executeCommand (/opt/vscodium-bin/resources/app/out/vs/workbench/api/node/extensionHostProcess.js:102:87988)
	at w.registerCommand.description (/opt/vscodium-bin/resources/app/out/vs/workbench/api/node/extensionHostProcess.js:102:87229)
	at a._executeContributedCommand (/opt/vscodium-bin/resources/app/out/vs/workbench/api/node/extensionHostProcess.js:102:89298)
	at a._doExecuteCommand (/opt/vscodium-bin/resources/app/out/vs/workbench/api/node/extensionHostProcess.js:102:88121)
	at a.executeCommand (/opt/vscodium-bin/resources/app/out/vs/workbench/api/node/extensionHostProcess.js:102:87988)
	at Object.executeCommand (/opt/vscodium-bin/resources/app/out/vs/workbench/api/node/extensionHostProcess.js:120:27031)
	at set b [as b] (/opt/vscodium-bin/resources/app/extensions/github/dist/extension.js:2:676132)
	at /opt/vscodium-bin/resources/app/extensions/github/dist/extension.js:2:676776
	at r.value (/opt/vscodium-bin/resources/app/extensions/git/dist/main.js:2:1349125)
	at f._deliver (/opt/vscodium-bin/resources/app/out/vs/workbench/api/node/extensionHostProcess.js:63:2465)
	at f._deliverQueue (/opt/vscodium-bin/resources/app/out/vs/workbench/api/node/extensionHostProcess.js:63:2556)
	at f.fire (/opt/vscodium-bin/resources/app/out/vs/workbench/api/node/extensionHostProcess.js:63:2891)
	at Object.m [as dispose] (/opt/vscodium-bin/resources/app/extensions/git/dist/main.js:2:1277242)
	at /opt/vscodium-bin/resources/app/extensions/git/dist/main.js:2:1281972
	at Array.forEach (<anonymous>)
	at g.dispose (/opt/vscodium-bin/resources/app/extensions/git/dist/main.js:2:1281958)
	at b.<anonymous> (/opt/vscodium-bin/resources/app/out/vs/workbench/api/node/extensionHostProcess.js:98:4943)
	at b.dispose (/opt/vscodium-bin/resources/app/out/vs/workbench/api/node/extensionHostProcess.js:98:5040)
	at b.<anonymous> (/opt/vscodium-bin/resources/app/extensions/git/dist/main.js:2:1263652)
	at b.dispose (/opt/vscodium-bin/resources/app/out/vs/workbench/api/node/extensionHostProcess.js:98:5040)
	at C (/opt/vscodium-bin/resources/app/out/vs/workbench/api/node/extensionHostProcess.js:13:12153)
	at r._deactivate (/opt/vscodium-bin/resources/app/out/vs/workbench/api/node/extensionHostProcess.js:116:12653)
	at /opt/vscodium-bin/resources/app/out/vs/workbench/api/node/extensionHostProcess.js:116:9849
	at Array.map (<anonymous>)
	at r._deactivateAll (/opt/vscodium-bin/resources/app/out/vs/workbench/api/node/extensionHostProcess.js:116:9837)
	at r.terminate (/opt/vscodium-bin/resources/app/out/vs/workbench/api/node/extensionHostProcess.js:116:10220)
	at s.terminate (/opt/vscodium-bin/resources/app/out/vs/workbench/api/node/extensionHostProcess.js:120:1901)
	at I (/opt/vscodium-bin/resources/app/out/vs/workbench/api/node/extensionHostProcess.js:130:38659)
	at MessagePortMain.<anonymous> (/opt/vscodium-bin/resources/app/out/vs/workbench/api/node/extensionHostProcess.js:130:34734)
	at MessagePortMain.emit (node:events:513:28)
	at MessagePortMain._internalPort.emit (node:electron/js2c/utility_init:2:367) setContext undefined
2023-09-06 09:59:12.512 [info] Extension host with pid 55976 exiting with code 0
2023-09-06 09:59:14.509 [info] Extension host with pid 56681 started
2023-09-06 09:59:14.554 [info] ExtensionService#_doActivateExtension vscode.git-base, startup: true, activationEvent: '*', root cause: vscode.git
2023-09-06 09:59:14.563 [info] ExtensionService#_doActivateExtension vscode.git, startup: true, activationEvent: '*'
2023-09-06 09:59:14.590 [info] ExtensionService#_doActivateExtension vscode.github, startup: true, activationEvent: '*'
2023-09-06 09:59:14.665 [info] Eager extensions activated
2023-09-06 09:59:14.696 [info] ExtensionService#_doActivateExtension vscode.debug-auto-launch, startup: false, activationEvent: 'onStartupFinished'
2023-09-06 09:59:14.699 [info] ExtensionService#_doActivateExtension vscode.merge-conflict, startup: false, activationEvent: 'onStartupFinished'
2023-09-06 09:59:14.705 [info] ExtensionService#_doActivateExtension aaron-bond.better-comments, startup: false, activationEvent: 'onStartupFinished'
2023-09-06 09:59:14.713 [info] ExtensionService#_doActivateExtension esbenp.prettier-vscode, startup: false, activationEvent: 'onStartupFinished'
2023-09-06 09:59:48.111 [info] Extension host terminating: renderer closed the MessagePort
2023-09-06 09:59:48.120 [info] Extension host with pid 56681 exiting with code 0
2023-09-06 09:59:49.402 [info] Extension host with pid 56903 started
2023-09-06 09:59:49.403 [info] Skipping acquiring lock for /home/mouss/.config/VSCodium/User/workspaceStorage/a03f820e0a7dcfa2f5f8a3658c62945f.
2023-09-06 09:59:49.454 [info] ExtensionService#_doActivateExtension vscode.git-base, startup: true, activationEvent: '*', root cause: vscode.git
2023-09-06 09:59:49.513 [info] ExtensionService#_doActivateExtension vscode.git, startup: true, activationEvent: '*'
2023-09-06 09:59:49.543 [info] ExtensionService#_doActivateExtension vscode.github, startup: true, activationEvent: '*'
2023-09-06 09:59:49.897 [warning] [Decorations] CAPPING events from decorations provider vscode.git 2623
2023-09-06 09:59:50.320 [info] ExtensionService#_doActivateExtension REditorSupport.r, startup: true, activationEvent: 'workspaceContains:**/*.{rproj,Rproj,r,R,rd,Rd,rmd,Rmd}'
2023-09-06 09:59:50.763 [warning] [Decorations] CAPPING events from decorations provider vscode.git 2623
2023-09-06 09:59:51.545 [info] ExtensionService#_doActivateExtension ms-vsliveshare.vsliveshare, startup: false, activationEvent: 'api', root cause: REditorSupport.r
2023-09-06 09:59:52.114 [info] ExtensionService#_doActivateExtension vscode.emmet, startup: false, activationEvent: 'onLanguage'
2023-09-06 09:59:52.691 [info] ExtensionService#_doActivateExtension vscode.github-authentication, startup: false, activationEvent: 'onAuthenticationRequest:github'
2023-09-06 09:59:52.945 [info] Eager extensions activated
2023-09-06 09:59:52.950 [info] ExtensionService#_doActivateExtension vscode.debug-auto-launch, startup: false, activationEvent: 'onStartupFinished'
2023-09-06 09:59:52.953 [info] ExtensionService#_doActivateExtension vscode.merge-conflict, startup: false, activationEvent: 'onStartupFinished'
2023-09-06 09:59:52.960 [info] ExtensionService#_doActivateExtension aaron-bond.better-comments, startup: false, activationEvent: 'onStartupFinished'
2023-09-06 09:59:52.967 [info] ExtensionService#_doActivateExtension esbenp.prettier-vscode, startup: false, activationEvent: 'onStartupFinished'
2023-09-06 10:00:04.114 [warning] [Decorations] CAPPING events from decorations provider vscode.git 2624
2023-09-06 10:00:16.805 [warning] [Decorations] CAPPING events from decorations provider vscode.git 2624
2023-09-06 10:00:22.003 [warning] [Decorations] CAPPING events from decorations provider vscode.git 2623
2023-09-06 10:00:36.843 [info] ExtensionService#_doActivateExtension Mikhail-Arkhipov.r, startup: false, activationEvent: 'onLanguage:r'
2023-09-06 10:00:37.274 [info] ExtensionService#_doActivateExtension vscode.json-language-features, startup: false, activationEvent: 'onLanguage:jsonc'
2023-09-06 10:00:37.303 [info] ExtensionService#_doActivateExtension vscode.typescript-language-features, startup: false, activationEvent: 'onLanguage:jsonc'
2023-09-06 10:00:37.457 [error] Activating extension Mikhail-Arkhipov.r failed due to an error:
2023-09-06 10:00:37.457 [error] Launching server using command dotnet failed. Error: spawn dotnet ENOENT
2023-09-06 10:00:37.999 [warning] [Decorations] CAPPING events from decorations provider vscode.git 2624
2023-09-06 10:03:11.326 [warning] [Decorations] CAPPING events from decorations provider vscode.git 2624
2023-09-06 10:04:01.548 [warning] [Decorations] CAPPING events from decorations provider vscode.git 2624
2023-09-06 10:07:22.450 [warning] [Decorations] CAPPING events from decorations provider vscode.git 2624
2023-09-06 10:10:25.791 [info] Extension host terminating: renderer closed the MessagePort
2023-09-06 10:10:25.827 [error] Canceled: Canceled
	at new d (/opt/vscodium-bin/resources/app/out/vs/workbench/api/node/extensionHostProcess.js:102:63475)
	at t._remoteCall (/opt/vscodium-bin/resources/app/out/vs/workbench/api/node/extensionHostProcess.js:114:10623)
	at N.<computed>.F.charCodeAt.N.<computed> (/opt/vscodium-bin/resources/app/out/vs/workbench/api/node/extensionHostProcess.js:114:7163)
	at a._doExecuteCommand (/opt/vscodium-bin/resources/app/out/vs/workbench/api/node/extensionHostProcess.js:102:88663)
	at a.executeCommand (/opt/vscodium-bin/resources/app/out/vs/workbench/api/node/extensionHostProcess.js:102:87988)
	at w.registerCommand.description (/opt/vscodium-bin/resources/app/out/vs/workbench/api/node/extensionHostProcess.js:102:87229)
	at a._executeContributedCommand (/opt/vscodium-bin/resources/app/out/vs/workbench/api/node/extensionHostProcess.js:102:89298)
	at a._doExecuteCommand (/opt/vscodium-bin/resources/app/out/vs/workbench/api/node/extensionHostProcess.js:102:88121)
	at a.executeCommand (/opt/vscodium-bin/resources/app/out/vs/workbench/api/node/extensionHostProcess.js:102:87988)
	at Object.executeCommand (/opt/vscodium-bin/resources/app/out/vs/workbench/api/node/extensionHostProcess.js:120:27031)
	at r.D [as value] (/opt/vscodium-bin/resources/app/extensions/git/dist/main.js:2:1261639)
	at f._deliver (/opt/vscodium-bin/resources/app/out/vs/workbench/api/node/extensionHostProcess.js:63:2465)
	at f._deliverQueue (/opt/vscodium-bin/resources/app/out/vs/workbench/api/node/extensionHostProcess.js:63:2556)
	at f.fire (/opt/vscodium-bin/resources/app/out/vs/workbench/api/node/extensionHostProcess.js:63:2891)
	at Object.m [as dispose] (/opt/vscodium-bin/resources/app/extensions/git/dist/main.js:2:1277242)
	at /opt/vscodium-bin/resources/app/extensions/git/dist/main.js:2:1281972
	at Array.forEach (<anonymous>)
	at g.dispose (/opt/vscodium-bin/resources/app/extensions/git/dist/main.js:2:1281958)
	at b.<anonymous> (/opt/vscodium-bin/resources/app/out/vs/workbench/api/node/extensionHostProcess.js:98:4943)
	at b.dispose (/opt/vscodium-bin/resources/app/out/vs/workbench/api/node/extensionHostProcess.js:98:5040)
	at b.<anonymous> (/opt/vscodium-bin/resources/app/extensions/git/dist/main.js:2:1263652)
	at b.dispose (/opt/vscodium-bin/resources/app/out/vs/workbench/api/node/extensionHostProcess.js:98:5040)
	at C (/opt/vscodium-bin/resources/app/out/vs/workbench/api/node/extensionHostProcess.js:13:12153)
	at r._deactivate (/opt/vscodium-bin/resources/app/out/vs/workbench/api/node/extensionHostProcess.js:116:12653)
	at /opt/vscodium-bin/resources/app/out/vs/workbench/api/node/extensionHostProcess.js:116:9849
	at Array.map (<anonymous>)
	at r._deactivateAll (/opt/vscodium-bin/resources/app/out/vs/workbench/api/node/extensionHostProcess.js:116:9837)
	at r.terminate (/opt/vscodium-bin/resources/app/out/vs/workbench/api/node/extensionHostProcess.js:116:10220)
	at s.terminate (/opt/vscodium-bin/resources/app/out/vs/workbench/api/node/extensionHostProcess.js:120:1901)
	at I (/opt/vscodium-bin/resources/app/out/vs/workbench/api/node/extensionHostProcess.js:130:38659)
	at MessagePortMain.<anonymous> (/opt/vscodium-bin/resources/app/out/vs/workbench/api/node/extensionHostProcess.js:130:34734)
	at MessagePortMain.emit (node:events:513:28)
	at MessagePortMain._internalPort.emit (node:electron/js2c/utility_init:2:367) setContext undefined
2023-09-06 10:10:25.833 [error] Canceled: Canceled
	at new d (/opt/vscodium-bin/resources/app/out/vs/workbench/api/node/extensionHostProcess.js:102:63475)
	at t._remoteCall (/opt/vscodium-bin/resources/app/out/vs/workbench/api/node/extensionHostProcess.js:114:10623)
	at N.<computed>.F.charCodeAt.N.<computed> (/opt/vscodium-bin/resources/app/out/vs/workbench/api/node/extensionHostProcess.js:114:7163)
	at a._doExecuteCommand (/opt/vscodium-bin/resources/app/out/vs/workbench/api/node/extensionHostProcess.js:102:88663)
	at a.executeCommand (/opt/vscodium-bin/resources/app/out/vs/workbench/api/node/extensionHostProcess.js:102:87988)
	at w.registerCommand.description (/opt/vscodium-bin/resources/app/out/vs/workbench/api/node/extensionHostProcess.js:102:87229)
	at a._executeContributedCommand (/opt/vscodium-bin/resources/app/out/vs/workbench/api/node/extensionHostProcess.js:102:89298)
	at a._doExecuteCommand (/opt/vscodium-bin/resources/app/out/vs/workbench/api/node/extensionHostProcess.js:102:88121)
	at a.executeCommand (/opt/vscodium-bin/resources/app/out/vs/workbench/api/node/extensionHostProcess.js:102:87988)
	at Object.executeCommand (/opt/vscodium-bin/resources/app/out/vs/workbench/api/node/extensionHostProcess.js:120:27031)
	at set b [as b] (/opt/vscodium-bin/resources/app/extensions/github/dist/extension.js:2:676132)
	at /opt/vscodium-bin/resources/app/extensions/github/dist/extension.js:2:676776
	at r.value (/opt/vscodium-bin/resources/app/extensions/git/dist/main.js:2:1349125)
	at f._deliver (/opt/vscodium-bin/resources/app/out/vs/workbench/api/node/extensionHostProcess.js:63:2465)
	at f._deliverQueue (/opt/vscodium-bin/resources/app/out/vs/workbench/api/node/extensionHostProcess.js:63:2556)
	at f.fire (/opt/vscodium-bin/resources/app/out/vs/workbench/api/node/extensionHostProcess.js:63:2891)
	at Object.m [as dispose] (/opt/vscodium-bin/resources/app/extensions/git/dist/main.js:2:1277242)
	at /opt/vscodium-bin/resources/app/extensions/git/dist/main.js:2:1281972
	at Array.forEach (<anonymous>)
	at g.dispose (/opt/vscodium-bin/resources/app/extensions/git/dist/main.js:2:1281958)
	at b.<anonymous> (/opt/vscodium-bin/resources/app/out/vs/workbench/api/node/extensionHostProcess.js:98:4943)
	at b.dispose (/opt/vscodium-bin/resources/app/out/vs/workbench/api/node/extensionHostProcess.js:98:5040)
	at b.<anonymous> (/opt/vscodium-bin/resources/app/extensions/git/dist/main.js:2:1263652)
	at b.dispose (/opt/vscodium-bin/resources/app/out/vs/workbench/api/node/extensionHostProcess.js:98:5040)
	at C (/opt/vscodium-bin/resources/app/out/vs/workbench/api/node/extensionHostProcess.js:13:12153)
	at r._deactivate (/opt/vscodium-bin/resources/app/out/vs/workbench/api/node/extensionHostProcess.js:116:12653)
	at /opt/vscodium-bin/resources/app/out/vs/workbench/api/node/extensionHostProcess.js:116:9849
	at Array.map (<anonymous>)
	at r._deactivateAll (/opt/vscodium-bin/resources/app/out/vs/workbench/api/node/extensionHostProcess.js:116:9837)
	at r.terminate (/opt/vscodium-bin/resources/app/out/vs/workbench/api/node/extensionHostProcess.js:116:10220)
	at s.terminate (/opt/vscodium-bin/resources/app/out/vs/workbench/api/node/extensionHostProcess.js:120:1901)
	at I (/opt/vscodium-bin/resources/app/out/vs/workbench/api/node/extensionHostProcess.js:130:38659)
	at MessagePortMain.<anonymous> (/opt/vscodium-bin/resources/app/out/vs/workbench/api/node/extensionHostProcess.js:130:34734)
	at MessagePortMain.emit (node:events:513:28)
	at MessagePortMain._internalPort.emit (node:electron/js2c/utility_init:2:367) setContext undefined
2023-09-06 10:10:25.840 [info] Extension host with pid 56903 exiting with code 0
