2023-09-07 10:41:16.095 [info] Telemetry level is off
2023-09-07 10:41:16.096 [info] Experiments are disabled, only manually opted experiments are active.
2023-09-07 10:41:16.096 [info] Test server listening.
2023-09-07 10:41:16.096 [info] > conda info --json
2023-09-07 10:41:16.096 [info] Python interpreter path: /bin/python
2023-09-07 10:41:16.133 [info] Found: /bin/python --> /bin/python3.11
2023-09-07 10:41:16.136 [info] Found: /bin/python3 --> /bin/python3.11
2023-09-07 10:41:16.136 [info] Found: /bin/python3.11 --> /bin/python3.11
2023-09-07 10:41:16.250 [info] Found: /sbin/python --> /sbin/python3.11
2023-09-07 10:41:16.251 [info] Found: /sbin/python3 --> /sbin/python3.11
2023-09-07 10:41:16.252 [info] Found: /sbin/python3.11 --> /sbin/python3.11
2023-09-07 10:41:16.290 [info] Found: /usr/bin/python --> /usr/bin/python3.11
2023-09-07 10:41:16.291 [info] Found: /usr/bin/python3 --> /usr/bin/python3.11
2023-09-07 10:41:16.291 [info] Found: /usr/bin/python3.11 --> /usr/bin/python3.11
2023-09-07 10:41:17.291 [info] Found: /usr/sbin/python --> /usr/sbin/python3.11
2023-09-07 10:41:17.364 [info] Found: /usr/sbin/python3 --> /usr/sbin/python3.11
2023-09-07 10:41:17.369 [info] Found: /usr/sbin/python3.11 --> /usr/sbin/python3.11
2023-09-07 10:41:17.434 [info] > /bin/python -I ~/.vscode-oss/extensions/ms-python.python-2023.14.0/pythonFiles/get_output_via_markers.py ~/.vscode-oss/extensions/ms-python.python-2023.14.0/pythonFiles/interpreterInfo.py
2023-09-07 10:41:17.827 [info] > /sbin/python -I ~/.vscode-oss/extensions/ms-python.python-2023.14.0/pythonFiles/get_output_via_markers.py ~/.vscode-oss/extensions/ms-python.python-2023.14.0/pythonFiles/interpreterInfo.py
2023-09-07 10:41:18.461 [info] > /usr/bin/python -I ~/.vscode-oss/extensions/ms-python.python-2023.14.0/pythonFiles/get_output_via_markers.py ~/.vscode-oss/extensions/ms-python.python-2023.14.0/pythonFiles/interpreterInfo.py
2023-09-07 10:41:18.508 [info] > /usr/sbin/python -I ~/.vscode-oss/extensions/ms-python.python-2023.14.0/pythonFiles/get_output_via_markers.py ~/.vscode-oss/extensions/ms-python.python-2023.14.0/pythonFiles/interpreterInfo.py
2023-09-07 10:41:18.751 [info] Starting Pylance language server.
2023-09-07 10:43:19.753 [info] > /bin/python -m autopep8 --diff --line-range 1 1 "~/Documents/Cours/5A GPSE - MSc IoT/Mathématiques/TP1.ipynb.9358f78539c6b9a019efc35b988feb7a.tmp"
2023-09-07 10:43:19.753 [info] cwd: ~/Documents/Cours/5A GPSE - MSc IoT/Mathématiques
2023-09-07 10:43:19.821 [info] > /bin/python -c "import autopep8"
2023-09-07 10:43:19.899 [info] > /bin/python -c "import autopep8"
2023-09-07 10:43:19.929 [error] 
Please install 'autopep8' into your environment. 
If you don't want to use it you can turn it off or use another formatter in the settings.
2023-09-07 10:43:19.930 [error] Formatting with autopep8 failed:
Error: Module 'autopep8' not installed.
