VSCodium (1.81.1, undefined, desktop)
Jupyter Extension Version: 2023.7.1002162226.
Python Extension Version: 2023.14.0.
Platform: linux (x64).
Workspace folder ~/Documents/Cours/5A GPSE - MSc IoT/Mathématiques, Home = /home/mouss
11:47:51.561 [info] Telemetry level is off
11:47:51.561 [info] Experiments are disabled, only manually opted experiments are active.
11:47:52.128 [info] Start refreshing Interpreter Kernel Picker (1694080072128)
11:47:52.142 [info] Using Pylance
11:47:54.170 [info] Starting Kernel startUsingPythonInterpreter, .jvsc74a57bd0e7370f93d1d0cde622a1f8e1c04877d8463912d04d973331ad4851f04de6915a./bin/python./bin/python.-m#ipykernel_launcher  (Python Path: /bin/python, Unknown, 3.11.5) for '~/Documents/Cours/5A GPSE - MSc IoT/Mathématiques/TP1.ipynb' (disableUI=true)
11:47:54.496 [warn] Failed to get activated env vars for /bin/python in 1240ms
11:47:54.499 [warn] Failed to get activated env vars for /bin/python in 263ms
11:47:54.536 [info] Process Execution: /bin/python -c "import site;print("USER_BASE_VALUE");print(site.USER_BASE);print("USER_BASE_VALUE");"
11:47:54.595 [info] Process Execution: /bin/python -m pip list
11:47:54.614 [info] Process Execution: /bin/python -c "import ipykernel; print(ipykernel.__version__); print("5dc3a68c-e34e-4080-9c3e-2a532b2ccb4d"); print(ipykernel.__file__)"
11:47:54.633 [info] Process Execution: /bin/python -m ipykernel_launcher --ip=127.0.0.1 --stdin=9003 --control=9001 --hb=9000 --Session.signature_scheme="hmac-sha256" --Session.key=b"e54ecdec-277b-4128-afe8-7c02a7d91c6b" --shell=9002 --transport="tcp" --iopub=9004 --f=~/.local/share/jupyter/runtime/kernel-v2-168236dSX5OJTwBK14.json
    > cwd: ~/Documents/Cours/5A GPSE - MSc IoT/Mathématiques
11:47:55.142 [info] ipykernel version & path 6.23.1, ~/.local/lib/python3.11/site-packages/ipykernel/__init__.py for /bin/python
11:47:55.866 [warn] StdErr from Kernel Process 0.00s - Debugger warning: It seems that frozen modules are being used, which may
0.00s - make the debugger miss breakpoints. Please pass -Xfrozen_modules=off
0.00s - to python to disable frozen modules.
0.00s - Note: Debugging will proceed. Set PYDEVD_DISABLE_FILE_VALIDATION=1 to disable this validation.
11:47:56.125 [info] Started Kernel Python 3.11.5 (pid: 168457)
11:47:56.125 [info] Started new session 227875d9-4991-4032-96a8-61dcaff5c20f
11:47:56.179 [info] Process Execution: /bin/python ~/.vscode-oss/extensions/ms-toolsai.jupyter-2023.7.1002162226-linux-x64/pythonFiles/printJupyterDataDir.py
11:47:56.370 [info] End refreshing Interpreter Kernel Picker (1694080072128)
11:50:02.626 [info] Handle Execution of Cells 18 for ~/Documents/Cours/5A GPSE - MSc IoT/Mathématiques/TP1.ipynb
11:50:02.642 [info] Kernel acknowledged execution of cell 18 @ 1694080202636
11:50:02.880 [info] End cell 18 execution @ 1694080202875, started @ 1694080202636, elapsed time = 0.239s
11:50:02.881 [warn] Cancel all remaining cells due to cancellation or failure in execution
11:50:06.028 [info] Handle Execution of Cells 1,3,4,5,6,7,8,9,10,11,12,14,15,18 for ~/Documents/Cours/5A GPSE - MSc IoT/Mathématiques/TP1.ipynb
11:50:06.053 [info] Kernel acknowledged execution of cell 1 @ 1694080206050
11:50:06.283 [info] End cell 1 execution @ 1694080206280, started @ 1694080206050, elapsed time = 0.23s
11:50:06.291 [info] Kernel acknowledged execution of cell 3 @ 1694080206285
11:50:06.294 [info] End cell 3 execution @ 1694080206290, started @ 1694080206285, elapsed time = 0.005s
11:50:06.300 [info] Kernel acknowledged execution of cell 4 @ 1694080206297
11:50:06.305 [info] End cell 4 execution @ 1694080206302, started @ 1694080206297, elapsed time = 0.005s
11:50:06.314 [info] Kernel acknowledged execution of cell 5 @ 1694080206308
11:50:06.319 [info] End cell 5 execution @ 1694080206314, started @ 1694080206308, elapsed time = 0.006s
11:50:06.323 [info] Kernel acknowledged execution of cell 6 @ 1694080206321
11:50:06.332 [info] End cell 6 execution @ 1694080206328, started @ 1694080206321, elapsed time = 0.007s
11:50:06.341 [info] Kernel acknowledged execution of cell 7 @ 1694080206335
11:50:06.345 [info] End cell 7 execution @ 1694080206342, started @ 1694080206335, elapsed time = 0.007s
11:50:06.350 [info] Kernel acknowledged execution of cell 8 @ 1694080206348
11:50:06.360 [info] End cell 8 execution @ 1694080206355, started @ 1694080206348, elapsed time = 0.007s
11:50:06.369 [info] Kernel acknowledged execution of cell 9 @ 1694080206362
11:50:06.374 [info] End cell 9 execution @ 1694080206369, started @ 1694080206362, elapsed time = 0.007s
11:50:06.389 [info] Kernel acknowledged execution of cell 10 @ 1694080206377
11:50:06.416 [info] End cell 10 execution @ 1694080206413, started @ 1694080206377, elapsed time = 0.036s
11:50:06.416 [warn] Cancel all remaining cells due to cancellation or failure in execution
11:50:06.417 [info] End cell 11 execution @ undefined, started @ undefined, elapsed time = 0s
11:50:06.417 [info] End cell 12 execution @ undefined, started @ undefined, elapsed time = 0s
11:50:06.417 [info] End cell 14 execution @ undefined, started @ undefined, elapsed time = 0s
11:50:06.417 [info] End cell 15 execution @ undefined, started @ undefined, elapsed time = 0s
11:50:06.418 [info] End cell 18 execution @ undefined, started @ undefined, elapsed time = 0s
11:50:11.192 [info] Handle Execution of Cells 15 for ~/Documents/Cours/5A GPSE - MSc IoT/Mathématiques/TP1.ipynb
11:50:11.204 [info] Kernel acknowledged execution of cell 15 @ 1694080211195
11:50:11.219 [info] End cell 15 execution @ 1694080211216, started @ 1694080211195, elapsed time = 0.021s
11:50:11.220 [warn] Cancel all remaining cells due to cancellation or failure in execution
11:50:14.986 [info] Handle Execution of Cells 14 for ~/Documents/Cours/5A GPSE - MSc IoT/Mathématiques/TP1.ipynb
11:50:14.996 [info] Kernel acknowledged execution of cell 14 @ 1694080214989
11:50:15.000 [info] End cell 14 execution @ 1694080214997, started @ 1694080214989, elapsed time = 0.008s
11:50:25.875 [info] Handle Execution of Cells 18 for ~/Documents/Cours/5A GPSE - MSc IoT/Mathématiques/TP1.ipynb
11:50:25.887 [info] Kernel acknowledged execution of cell 18 @ 1694080225878
11:50:25.915 [info] End cell 18 execution @ 1694080225912, started @ 1694080225878, elapsed time = 0.034s
11:50:25.915 [warn] Cancel all remaining cells due to cancellation or failure in execution
11:51:05.750 [info] Handle Execution of Cells 18 for ~/Documents/Cours/5A GPSE - MSc IoT/Mathématiques/TP1.ipynb
11:51:05.755 [info] Kernel acknowledged execution of cell 18 @ 1694080265753
11:51:05.764 [info] End cell 18 execution @ 1694080265761, started @ 1694080265753, elapsed time = 0.008s
13:50:33.062 [info] Disposing HostJupyterExecution
13:50:33.064 [info] Shutting down notebooks for 886cbf04-bdae-4aad-bd8d-8d13ab2f51de
13:50:33.068 [info] Dispose Kernel '~/Documents/Cours/5A GPSE - MSc IoT/Mathématiques/TP1.ipynb' associated with '~/Documents/Cours/5A GPSE - MSc IoT/Mathématiques/TP1.ipynb'
13:50:33.080 [info] Dispose Kernel process 168457.
13:50:33.113 [info] Disposing HostJupyterExecution
