2023-09-05 11:36:27.102 [info] Telemetry level is off
2023-09-05 11:36:27.102 [info] Experiments are disabled, only manually opted experiments are active.
2023-09-05 11:36:27.389 [info] Test server listening.
2023-09-05 11:36:27.437 [info] > conda info --json
2023-09-05 11:36:27.476 [info] Python interpreter path: /bin/python
2023-09-05 11:36:27.539 [info] Found: /bin/python --> /bin/python3.11
2023-09-05 11:36:27.542 [info] Found: /bin/python3 --> /bin/python3.11
2023-09-05 11:36:27.542 [info] Found: /bin/python3.11 --> /bin/python3.11
2023-09-05 11:36:27.607 [info] Found: /sbin/python --> /sbin/python3.11
2023-09-05 11:36:27.607 [info] Found: /sbin/python3 --> /sbin/python3.11
2023-09-05 11:36:27.607 [info] Found: /sbin/python3.11 --> /sbin/python3.11
2023-09-05 11:36:27.626 [info] Found: /usr/bin/python --> /usr/bin/python3.11
2023-09-05 11:36:27.627 [info] Found: /usr/bin/python3 --> /usr/bin/python3.11
2023-09-05 11:36:27.627 [info] Found: /usr/bin/python3.11 --> /usr/bin/python3.11
2023-09-05 11:36:27.704 [info] Found: /usr/sbin/python --> /usr/sbin/python3.11
2023-09-05 11:36:27.705 [info] Found: /usr/sbin/python3 --> /usr/sbin/python3.11
2023-09-05 11:36:27.705 [info] Found: /usr/sbin/python3.11 --> /usr/sbin/python3.11
2023-09-05 11:36:27.748 [info] > /bin/python -I ~/.vscode-oss/extensions/ms-python.python-2023.14.0/pythonFiles/get_output_via_markers.py ~/.vscode-oss/extensions/ms-python.python-2023.14.0/pythonFiles/interpreterInfo.py
2023-09-05 11:36:27.791 [info] > /sbin/python -I ~/.vscode-oss/extensions/ms-python.python-2023.14.0/pythonFiles/get_output_via_markers.py ~/.vscode-oss/extensions/ms-python.python-2023.14.0/pythonFiles/interpreterInfo.py
2023-09-05 11:36:27.893 [info] > /usr/bin/python -I ~/.vscode-oss/extensions/ms-python.python-2023.14.0/pythonFiles/get_output_via_markers.py ~/.vscode-oss/extensions/ms-python.python-2023.14.0/pythonFiles/interpreterInfo.py
2023-09-05 11:36:27.928 [info] > /usr/sbin/python -I ~/.vscode-oss/extensions/ms-python.python-2023.14.0/pythonFiles/get_output_via_markers.py ~/.vscode-oss/extensions/ms-python.python-2023.14.0/pythonFiles/interpreterInfo.py
2023-09-05 11:36:29.114 [warning] Retry failed, storage update failed for key PYTHON_WORKSPACE_STORAGE_KEYS
2023-09-05 11:36:29.115 [warning] Retry failed, storage update failed for key PYTHON_WORKSPACE_STORAGE_KEYS
2023-09-05 11:36:29.152 [info] Starting Pylance language server.
