2023-09-06 08:08:40.817 [info] Telemetry level is off
2023-09-06 08:08:40.817 [info] Experiments are disabled, only manually opted experiments are active.
2023-09-06 08:08:40.912 [info] Test server listening.
2023-09-06 08:08:40.934 [info] > conda info --json
2023-09-06 08:08:40.941 [info] Python interpreter path: /bin/python
2023-09-06 08:08:41.305 [info] Found: /bin/python --> /bin/python3.11
2023-09-06 08:08:41.353 [info] Found: /bin/python3 --> /bin/python3.11
2023-09-06 08:08:41.354 [info] Found: /bin/python3.11 --> /bin/python3.11
2023-09-06 08:08:41.391 [info] Found: /sbin/python --> /sbin/python3.11
2023-09-06 08:08:41.391 [info] Found: /sbin/python3 --> /sbin/python3.11
2023-09-06 08:08:41.391 [info] Found: /sbin/python3.11 --> /sbin/python3.11
2023-09-06 08:08:41.403 [info] Found: /usr/bin/python --> /usr/bin/python3.11
2023-09-06 08:08:41.403 [info] Found: /usr/bin/python3 --> /usr/bin/python3.11
2023-09-06 08:08:41.403 [info] Found: /usr/bin/python3.11 --> /usr/bin/python3.11
2023-09-06 08:08:41.463 [info] Found: /usr/sbin/python --> /usr/sbin/python3.11
2023-09-06 08:08:41.463 [info] Found: /usr/sbin/python3 --> /usr/sbin/python3.11
2023-09-06 08:08:41.464 [info] Found: /usr/sbin/python3.11 --> /usr/sbin/python3.11
2023-09-06 08:08:41.540 [info] > /bin/python -I ~/.vscode-oss/extensions/ms-python.python-2023.14.0/pythonFiles/get_output_via_markers.py ~/.vscode-oss/extensions/ms-python.python-2023.14.0/pythonFiles/interpreterInfo.py
2023-09-06 08:08:41.575 [info] > /sbin/python -I ~/.vscode-oss/extensions/ms-python.python-2023.14.0/pythonFiles/get_output_via_markers.py ~/.vscode-oss/extensions/ms-python.python-2023.14.0/pythonFiles/interpreterInfo.py
2023-09-06 08:08:41.645 [info] > /usr/bin/python -I ~/.vscode-oss/extensions/ms-python.python-2023.14.0/pythonFiles/get_output_via_markers.py ~/.vscode-oss/extensions/ms-python.python-2023.14.0/pythonFiles/interpreterInfo.py
2023-09-06 08:08:41.670 [info] > /usr/sbin/python -I ~/.vscode-oss/extensions/ms-python.python-2023.14.0/pythonFiles/get_output_via_markers.py ~/.vscode-oss/extensions/ms-python.python-2023.14.0/pythonFiles/interpreterInfo.py
2023-09-06 08:08:41.888 [info] Starting Pylance language server.
