2023-09-06 08:13:38.123 [info] Getting Manifest... reditorsupport.r
2023-09-06 08:13:38.149 [info] Installing extension: reditorsupport.r
2023-09-06 08:13:39.862 [info] Extension signature verification is not done: reditorsupport.r
2023-09-06 08:13:40.120 [info] Extracted extension to file:///home/mouss/.vscode-oss/extensions/reditorsupport.r-2.8.1: reditorsupport.r
2023-09-06 08:13:40.130 [info] Renamed to /home/mouss/.vscode-oss/extensions/reditorsupport.r-2.8.1
2023-09-06 08:13:40.133 [info] Extracting extension completed. reditorsupport.r
2023-09-06 08:13:40.148 [info] Extension installed successfully: reditorsupport.r
2023-09-06 08:13:42.484 [info] Getting Manifest... rdebugger.r-debugger
2023-09-06 08:13:42.494 [info] Installing extension: rdebugger.r-debugger
2023-09-06 08:13:43.445 [info] Extension signature verification is not done: rdebugger.r-debugger
2023-09-06 08:13:43.618 [info] Extracted extension to file:///home/mouss/.vscode-oss/extensions/rdebugger.r-debugger-0.5.4: rdebugger.r-debugger
2023-09-06 08:13:43.623 [info] Renamed to /home/mouss/.vscode-oss/extensions/rdebugger.r-debugger-0.5.4
2023-09-06 08:13:43.627 [info] Extracting extension completed. rdebugger.r-debugger
2023-09-06 08:13:43.638 [info] Extension installed successfully: rdebugger.r-debugger
2023-09-06 08:13:53.339 [info] Getting Manifest... mikhail-arkhipov.r
2023-09-06 08:13:53.349 [info] Installing extension: mikhail-arkhipov.r
2023-09-06 08:13:57.899 [info] Extension signature verification is not done: mikhail-arkhipov.r
2023-09-06 08:13:58.821 [info] Extracted extension to file:///home/mouss/.vscode-oss/extensions/mikhail-arkhipov.r-0.0.31: mikhail-arkhipov.r
2023-09-06 08:13:58.827 [info] Renamed to /home/mouss/.vscode-oss/extensions/mikhail-arkhipov.r-0.0.31
2023-09-06 08:13:58.829 [info] Extracting extension completed. mikhail-arkhipov.r
2023-09-06 08:13:58.839 [info] Extension installed successfully: mikhail-arkhipov.r
