2023-09-07 10:40:01.832 [warning] Via 'product.json#extensionEnabledApiProposals' extension 'github.vscode-pull-request-github' wants API proposal 'quickPickItemIcon' but that proposal DOES NOT EXIST. Likely, the proposal has been finalized (check 'vscode.d.ts') or was abandoned.
2023-09-07 10:40:03.553 [warning] [REditorSupport.r]: Cannot register 'r.rpath.windows'. This property is already registered.
2023-09-07 10:40:03.555 [warning] [REditorSupport.r]: Cannot register 'r.rpath.mac'. This property is already registered.
2023-09-07 10:40:03.556 [warning] [REditorSupport.r]: Cannot register 'r.rpath.linux'. This property is already registered.
2023-09-07 10:40:03.557 [warning] [twxs.cmake]: Cannot register 'cmake.cmakePath'. This property is already registered.
2023-09-07 10:40:06.097 [error] [Extension Host] (node:144123) [DEP0005] DeprecationWarning: Buffer() is deprecated due to security and usability issues. Please use the Buffer.alloc(), Buffer.allocUnsafe(), or Buffer.from() methods instead.
(Use `exe --trace-deprecation ...` to show where the warning was created)
2023-09-07 10:40:09.338 [info] [perf] Render performance baseline is 431ms
2023-09-07 10:40:38.552 [warning] Via 'product.json#extensionEnabledApiProposals' extension 'github.vscode-pull-request-github' wants API proposal 'quickPickItemIcon' but that proposal DOES NOT EXIST. Likely, the proposal has been finalized (check 'vscode.d.ts') or was abandoned.
2023-09-07 10:40:39.208 [warning] [REditorSupport.r]: Cannot register 'r.rpath.windows'. This property is already registered.
2023-09-07 10:40:39.210 [warning] [REditorSupport.r]: Cannot register 'r.rpath.mac'. This property is already registered.
2023-09-07 10:40:39.212 [warning] [REditorSupport.r]: Cannot register 'r.rpath.linux'. This property is already registered.
2023-09-07 10:40:39.213 [warning] [twxs.cmake]: Cannot register 'cmake.cmakePath'. This property is already registered.
2023-09-07 10:40:42.472 [info] [perf] Render performance baseline is 441ms
2023-09-07 10:41:08.677 [warning] Via 'product.json#extensionEnabledApiProposals' extension 'github.vscode-pull-request-github' wants API proposal 'quickPickItemIcon' but that proposal DOES NOT EXIST. Likely, the proposal has been finalized (check 'vscode.d.ts') or was abandoned.
2023-09-07 10:41:09.635 [warning] [REditorSupport.r]: Cannot register 'r.rpath.windows'. This property is already registered.
2023-09-07 10:41:09.636 [warning] [REditorSupport.r]: Cannot register 'r.rpath.mac'. This property is already registered.
2023-09-07 10:41:09.636 [warning] [REditorSupport.r]: Cannot register 'r.rpath.linux'. This property is already registered.
2023-09-07 10:41:09.637 [warning] [twxs.cmake]: Cannot register 'cmake.cmakePath'. This property is already registered.
2023-09-07 10:41:10.323 [warning] No search provider registered for scheme: file, waiting
2023-09-07 10:41:15.738 [error] [Extension Host] (node:144745) [DEP0005] DeprecationWarning: Buffer() is deprecated due to security and usability issues. Please use the Buffer.alloc(), Buffer.allocUnsafe(), or Buffer.from() methods instead.
(Use `exe --trace-deprecation ...` to show where the warning was created)
2023-09-07 10:41:16.944 [error] Error: Error while decrypting the ciphertext provided to safeStorage.decryptString. Encryption is not available.
    at M.encrypt (/opt/vscodium-bin/resources/app/out/vs/code/electron-main/main.js:42:13583)
    at Object.call (/opt/vscodium-bin/resources/app/out/vs/code/electron-main/main.js:25:5861)
    at C.onPromise (/opt/vscodium-bin/resources/app/out/vs/code/electron-main/main.js:23:5765)
    at C.onRawMessage (/opt/vscodium-bin/resources/app/out/vs/code/electron-main/main.js:23:5153)
    at o.value (/opt/vscodium-bin/resources/app/out/vs/code/electron-main/main.js:23:4441)
    at v._deliver (/opt/vscodium-bin/resources/app/out/vs/code/electron-main/main.js:18:2469)
    at v._deliverQueue (/opt/vscodium-bin/resources/app/out/vs/code/electron-main/main.js:18:2560)
    at v.fire (/opt/vscodium-bin/resources/app/out/vs/code/electron-main/main.js:18:2895)
    at o.value (/opt/vscodium-bin/resources/app/out/vs/code/electron-main/main.js:16:41505)
    at v._deliver (/opt/vscodium-bin/resources/app/out/vs/code/electron-main/main.js:18:2469)
    at v.fire (/opt/vscodium-bin/resources/app/out/vs/code/electron-main/main.js:18:2788)
    at o.value (/opt/vscodium-bin/resources/app/out/vs/code/electron-main/main.js:16:41699)
    at v._deliver (/opt/vscodium-bin/resources/app/out/vs/code/electron-main/main.js:18:2469)
    at v.fire (/opt/vscodium-bin/resources/app/out/vs/code/electron-main/main.js:18:2788)
    at re (/opt/vscodium-bin/resources/app/out/vs/code/electron-main/main.js:16:43949)
    at IpcMainImpl.h (/opt/vscodium-bin/resources/app/out/vs/code/electron-main/main.js:19:100108)
    at IpcMainImpl.emit (node:events:513:28)
    at EventEmitter.<anonymous> (node:electron/js2c/browser_init:2:81053)
    at EventEmitter.emit (node:events:513:28)
2023-09-07 10:41:17.493 [info] [perf] Render performance baseline is 441ms
2023-09-07 10:44:12.771 [error] Failed to execute 'postMessage' on 'Worker': (D,R,A)=>{if(this._leakageMon&&this._size>this._leakageMon.threshold*3)return console.warn(`[${this._leakageMon...<omitted>...N} could not be cloned.: Error: Failed to execute 'postMessage' on 'Worker': (D,R,A)=>{if(this._leakageMon&&this._size>this._leakageMon.threshold*3)return console.warn(`[${this._leakageMon...<omitted>...N} could not be cloned.
    at vscode-file://vscode-app/opt/vscodium-bin/resources/app/out/vs/workbench/workbench.desktop.main.js:594:55056
2023-09-07 10:44:25.067 [error] Failed to execute 'postMessage' on 'Worker': (D,R,A)=>{if(this._leakageMon&&this._size>this._leakageMon.threshold*3)return console.warn(`[${this._leakageMon...<omitted>...N} could not be cloned.: Error: Failed to execute 'postMessage' on 'Worker': (D,R,A)=>{if(this._leakageMon&&this._size>this._leakageMon.threshold*3)return console.warn(`[${this._leakageMon...<omitted>...N} could not be cloned.
    at vscode-file://vscode-app/opt/vscodium-bin/resources/app/out/vs/workbench/workbench.desktop.main.js:594:55056
2023-09-07 10:44:57.426 [error] Failed to execute 'postMessage' on 'Worker': (D,R,A)=>{if(this._leakageMon&&this._size>this._leakageMon.threshold*3)return console.warn(`[${this._leakageMon...<omitted>...N} could not be cloned.: Error: Failed to execute 'postMessage' on 'Worker': (D,R,A)=>{if(this._leakageMon&&this._size>this._leakageMon.threshold*3)return console.warn(`[${this._leakageMon...<omitted>...N} could not be cloned.
    at vscode-file://vscode-app/opt/vscodium-bin/resources/app/out/vs/workbench/workbench.desktop.main.js:594:55056
2023-09-07 10:45:46.095 [error] Failed to execute 'postMessage' on 'Worker': (D,R,A)=>{if(this._leakageMon&&this._size>this._leakageMon.threshold*3)return console.warn(`[${this._leakageMon...<omitted>...N} could not be cloned.: Error: Failed to execute 'postMessage' on 'Worker': (D,R,A)=>{if(this._leakageMon&&this._size>this._leakageMon.threshold*3)return console.warn(`[${this._leakageMon...<omitted>...N} could not be cloned.
    at vscode-file://vscode-app/opt/vscodium-bin/resources/app/out/vs/workbench/workbench.desktop.main.js:594:55056
2023-09-07 10:45:48.690 [error] Failed to execute 'postMessage' on 'Worker': (D,R,A)=>{if(this._leakageMon&&this._size>this._leakageMon.threshold*3)return console.warn(`[${this._leakageMon...<omitted>...N} could not be cloned.: Error: Failed to execute 'postMessage' on 'Worker': (D,R,A)=>{if(this._leakageMon&&this._size>this._leakageMon.threshold*3)return console.warn(`[${this._leakageMon...<omitted>...N} could not be cloned.
    at vscode-file://vscode-app/opt/vscodium-bin/resources/app/out/vs/workbench/workbench.desktop.main.js:594:55056
2023-09-07 10:47:14.543 [error] Failed to execute 'postMessage' on 'Worker': (D,R,A)=>{if(this._leakageMon&&this._size>this._leakageMon.threshold*3)return console.warn(`[${this._leakageMon...<omitted>...N} could not be cloned.: Error: Failed to execute 'postMessage' on 'Worker': (D,R,A)=>{if(this._leakageMon&&this._size>this._leakageMon.threshold*3)return console.warn(`[${this._leakageMon...<omitted>...N} could not be cloned.
    at vscode-file://vscode-app/opt/vscodium-bin/resources/app/out/vs/workbench/workbench.desktop.main.js:594:55056
2023-09-07 10:47:34.175 [error] Failed to execute 'postMessage' on 'Worker': (D,R,A)=>{if(this._leakageMon&&this._size>this._leakageMon.threshold*3)return console.warn(`[${this._leakageMon...<omitted>...N} could not be cloned.: Error: Failed to execute 'postMessage' on 'Worker': (D,R,A)=>{if(this._leakageMon&&this._size>this._leakageMon.threshold*3)return console.warn(`[${this._leakageMon...<omitted>...N} could not be cloned.
    at vscode-file://vscode-app/opt/vscodium-bin/resources/app/out/vs/workbench/workbench.desktop.main.js:594:55056
2023-09-07 10:47:49.908 [error] Failed to execute 'postMessage' on 'Worker': (D,R,A)=>{if(this._leakageMon&&this._size>this._leakageMon.threshold*3)return console.warn(`[${this._leakageMon...<omitted>...N} could not be cloned.: Error: Failed to execute 'postMessage' on 'Worker': (D,R,A)=>{if(this._leakageMon&&this._size>this._leakageMon.threshold*3)return console.warn(`[${this._leakageMon...<omitted>...N} could not be cloned.
    at vscode-file://vscode-app/opt/vscodium-bin/resources/app/out/vs/workbench/workbench.desktop.main.js:594:55056
2023-09-07 10:47:54.040 [error] Failed to execute 'postMessage' on 'Worker': (D,R,A)=>{if(this._leakageMon&&this._size>this._leakageMon.threshold*3)return console.warn(`[${this._leakageMon...<omitted>...N} could not be cloned.: Error: Failed to execute 'postMessage' on 'Worker': (D,R,A)=>{if(this._leakageMon&&this._size>this._leakageMon.threshold*3)return console.warn(`[${this._leakageMon...<omitted>...N} could not be cloned.
    at vscode-file://vscode-app/opt/vscodium-bin/resources/app/out/vs/workbench/workbench.desktop.main.js:594:55056
2023-09-07 10:49:34.906 [error] Failed to execute 'postMessage' on 'Worker': (D,R,A)=>{if(this._leakageMon&&this._size>this._leakageMon.threshold*3)return console.warn(`[${this._leakageMon...<omitted>...N} could not be cloned.: Error: Failed to execute 'postMessage' on 'Worker': (D,R,A)=>{if(this._leakageMon&&this._size>this._leakageMon.threshold*3)return console.warn(`[${this._leakageMon...<omitted>...N} could not be cloned.
    at vscode-file://vscode-app/opt/vscodium-bin/resources/app/out/vs/workbench/workbench.desktop.main.js:594:55056
2023-09-07 10:50:07.770 [error] Failed to execute 'postMessage' on 'Worker': (D,R,A)=>{if(this._leakageMon&&this._size>this._leakageMon.threshold*3)return console.warn(`[${this._leakageMon...<omitted>...N} could not be cloned.: Error: Failed to execute 'postMessage' on 'Worker': (D,R,A)=>{if(this._leakageMon&&this._size>this._leakageMon.threshold*3)return console.warn(`[${this._leakageMon...<omitted>...N} could not be cloned.
    at vscode-file://vscode-app/opt/vscodium-bin/resources/app/out/vs/workbench/workbench.desktop.main.js:594:55056
2023-09-07 10:50:25.441 [error] Failed to execute 'postMessage' on 'Worker': (D,R,A)=>{if(this._leakageMon&&this._size>this._leakageMon.threshold*3)return console.warn(`[${this._leakageMon...<omitted>...N} could not be cloned.: Error: Failed to execute 'postMessage' on 'Worker': (D,R,A)=>{if(this._leakageMon&&this._size>this._leakageMon.threshold*3)return console.warn(`[${this._leakageMon...<omitted>...N} could not be cloned.
    at vscode-file://vscode-app/opt/vscodium-bin/resources/app/out/vs/workbench/workbench.desktop.main.js:594:55056
2023-09-07 10:50:32.771 [error] Failed to execute 'postMessage' on 'Worker': (D,R,A)=>{if(this._leakageMon&&this._size>this._leakageMon.threshold*3)return console.warn(`[${this._leakageMon...<omitted>...N} could not be cloned.: Error: Failed to execute 'postMessage' on 'Worker': (D,R,A)=>{if(this._leakageMon&&this._size>this._leakageMon.threshold*3)return console.warn(`[${this._leakageMon...<omitted>...N} could not be cloned.
    at vscode-file://vscode-app/opt/vscodium-bin/resources/app/out/vs/workbench/workbench.desktop.main.js:594:55056
2023-09-07 10:51:22.015 [error] Failed to execute 'postMessage' on 'Worker': (D,R,A)=>{if(this._leakageMon&&this._size>this._leakageMon.threshold*3)return console.warn(`[${this._leakageMon...<omitted>...N} could not be cloned.: Error: Failed to execute 'postMessage' on 'Worker': (D,R,A)=>{if(this._leakageMon&&this._size>this._leakageMon.threshold*3)return console.warn(`[${this._leakageMon...<omitted>...N} could not be cloned.
    at vscode-file://vscode-app/opt/vscodium-bin/resources/app/out/vs/workbench/workbench.desktop.main.js:594:55056
2023-09-07 10:51:30.712 [error] Failed to execute 'postMessage' on 'Worker': (D,R,A)=>{if(this._leakageMon&&this._size>this._leakageMon.threshold*3)return console.warn(`[${this._leakageMon...<omitted>...N} could not be cloned.: Error: Failed to execute 'postMessage' on 'Worker': (D,R,A)=>{if(this._leakageMon&&this._size>this._leakageMon.threshold*3)return console.warn(`[${this._leakageMon...<omitted>...N} could not be cloned.
    at vscode-file://vscode-app/opt/vscodium-bin/resources/app/out/vs/workbench/workbench.desktop.main.js:594:55056
2023-09-07 10:52:50.504 [error] Failed to execute 'postMessage' on 'Worker': (D,R,A)=>{if(this._leakageMon&&this._size>this._leakageMon.threshold*3)return console.warn(`[${this._leakageMon...<omitted>...N} could not be cloned.: Error: Failed to execute 'postMessage' on 'Worker': (D,R,A)=>{if(this._leakageMon&&this._size>this._leakageMon.threshold*3)return console.warn(`[${this._leakageMon...<omitted>...N} could not be cloned.
    at vscode-file://vscode-app/opt/vscodium-bin/resources/app/out/vs/workbench/workbench.desktop.main.js:594:55056
2023-09-07 10:53:01.863 [error] Failed to execute 'postMessage' on 'Worker': (D,R,A)=>{if(this._leakageMon&&this._size>this._leakageMon.threshold*3)return console.warn(`[${this._leakageMon...<omitted>...N} could not be cloned.: Error: Failed to execute 'postMessage' on 'Worker': (D,R,A)=>{if(this._leakageMon&&this._size>this._leakageMon.threshold*3)return console.warn(`[${this._leakageMon...<omitted>...N} could not be cloned.
    at vscode-file://vscode-app/opt/vscodium-bin/resources/app/out/vs/workbench/workbench.desktop.main.js:594:55056
2023-09-07 10:53:14.513 [error] Failed to execute 'postMessage' on 'Worker': (D,R,A)=>{if(this._leakageMon&&this._size>this._leakageMon.threshold*3)return console.warn(`[${this._leakageMon...<omitted>...N} could not be cloned.: Error: Failed to execute 'postMessage' on 'Worker': (D,R,A)=>{if(this._leakageMon&&this._size>this._leakageMon.threshold*3)return console.warn(`[${this._leakageMon...<omitted>...N} could not be cloned.
    at vscode-file://vscode-app/opt/vscodium-bin/resources/app/out/vs/workbench/workbench.desktop.main.js:594:55056
2023-09-07 10:53:25.837 [error] Failed to execute 'postMessage' on 'Worker': (D,R,A)=>{if(this._leakageMon&&this._size>this._leakageMon.threshold*3)return console.warn(`[${this._leakageMon...<omitted>...N} could not be cloned.: Error: Failed to execute 'postMessage' on 'Worker': (D,R,A)=>{if(this._leakageMon&&this._size>this._leakageMon.threshold*3)return console.warn(`[${this._leakageMon...<omitted>...N} could not be cloned.
    at vscode-file://vscode-app/opt/vscodium-bin/resources/app/out/vs/workbench/workbench.desktop.main.js:594:55056
2023-09-07 10:54:22.240 [error] Failed to execute 'postMessage' on 'Worker': (D,R,A)=>{if(this._leakageMon&&this._size>this._leakageMon.threshold*3)return console.warn(`[${this._leakageMon...<omitted>...N} could not be cloned.: Error: Failed to execute 'postMessage' on 'Worker': (D,R,A)=>{if(this._leakageMon&&this._size>this._leakageMon.threshold*3)return console.warn(`[${this._leakageMon...<omitted>...N} could not be cloned.
    at vscode-file://vscode-app/opt/vscodium-bin/resources/app/out/vs/workbench/workbench.desktop.main.js:594:55056
2023-09-07 10:54:40.004 [error] Failed to execute 'postMessage' on 'Worker': (D,R,A)=>{if(this._leakageMon&&this._size>this._leakageMon.threshold*3)return console.warn(`[${this._leakageMon...<omitted>...N} could not be cloned.: Error: Failed to execute 'postMessage' on 'Worker': (D,R,A)=>{if(this._leakageMon&&this._size>this._leakageMon.threshold*3)return console.warn(`[${this._leakageMon...<omitted>...N} could not be cloned.
    at vscode-file://vscode-app/opt/vscodium-bin/resources/app/out/vs/workbench/workbench.desktop.main.js:594:55056
2023-09-07 10:54:54.417 [error] Failed to execute 'postMessage' on 'Worker': (D,R,A)=>{if(this._leakageMon&&this._size>this._leakageMon.threshold*3)return console.warn(`[${this._leakageMon...<omitted>...N} could not be cloned.: Error: Failed to execute 'postMessage' on 'Worker': (D,R,A)=>{if(this._leakageMon&&this._size>this._leakageMon.threshold*3)return console.warn(`[${this._leakageMon...<omitted>...N} could not be cloned.
    at vscode-file://vscode-app/opt/vscodium-bin/resources/app/out/vs/workbench/workbench.desktop.main.js:594:55056
2023-09-07 11:05:24.246 [error] Failed to execute 'postMessage' on 'Worker': (D,R,A)=>{if(this._leakageMon&&this._size>this._leakageMon.threshold*3)return console.warn(`[${this._leakageMon...<omitted>...N} could not be cloned.: Error: Failed to execute 'postMessage' on 'Worker': (D,R,A)=>{if(this._leakageMon&&this._size>this._leakageMon.threshold*3)return console.warn(`[${this._leakageMon...<omitted>...N} could not be cloned.
    at vscode-file://vscode-app/opt/vscodium-bin/resources/app/out/vs/workbench/workbench.desktop.main.js:594:55056
2023-09-07 11:05:49.431 [error] Failed to execute 'postMessage' on 'Worker': (D,R,A)=>{if(this._leakageMon&&this._size>this._leakageMon.threshold*3)return console.warn(`[${this._leakageMon...<omitted>...N} could not be cloned.: Error: Failed to execute 'postMessage' on 'Worker': (D,R,A)=>{if(this._leakageMon&&this._size>this._leakageMon.threshold*3)return console.warn(`[${this._leakageMon...<omitted>...N} could not be cloned.
    at vscode-file://vscode-app/opt/vscodium-bin/resources/app/out/vs/workbench/workbench.desktop.main.js:594:55056
2023-09-07 11:06:12.535 [error] Failed to execute 'postMessage' on 'Worker': (D,R,A)=>{if(this._leakageMon&&this._size>this._leakageMon.threshold*3)return console.warn(`[${this._leakageMon...<omitted>...N} could not be cloned.: Error: Failed to execute 'postMessage' on 'Worker': (D,R,A)=>{if(this._leakageMon&&this._size>this._leakageMon.threshold*3)return console.warn(`[${this._leakageMon...<omitted>...N} could not be cloned.
    at vscode-file://vscode-app/opt/vscodium-bin/resources/app/out/vs/workbench/workbench.desktop.main.js:594:55056
2023-09-07 11:06:32.567 [error] Failed to execute 'postMessage' on 'Worker': (D,R,A)=>{if(this._leakageMon&&this._size>this._leakageMon.threshold*3)return console.warn(`[${this._leakageMon...<omitted>...N} could not be cloned.: Error: Failed to execute 'postMessage' on 'Worker': (D,R,A)=>{if(this._leakageMon&&this._size>this._leakageMon.threshold*3)return console.warn(`[${this._leakageMon...<omitted>...N} could not be cloned.
    at vscode-file://vscode-app/opt/vscodium-bin/resources/app/out/vs/workbench/workbench.desktop.main.js:594:55056
2023-09-07 11:06:50.088 [error] Failed to execute 'postMessage' on 'Worker': (D,R,A)=>{if(this._leakageMon&&this._size>this._leakageMon.threshold*3)return console.warn(`[${this._leakageMon...<omitted>...N} could not be cloned.: Error: Failed to execute 'postMessage' on 'Worker': (D,R,A)=>{if(this._leakageMon&&this._size>this._leakageMon.threshold*3)return console.warn(`[${this._leakageMon...<omitted>...N} could not be cloned.
    at vscode-file://vscode-app/opt/vscodium-bin/resources/app/out/vs/workbench/workbench.desktop.main.js:594:55056
2023-09-07 11:07:22.629 [error] Failed to execute 'postMessage' on 'Worker': (D,R,A)=>{if(this._leakageMon&&this._size>this._leakageMon.threshold*3)return console.warn(`[${this._leakageMon...<omitted>...N} could not be cloned.: Error: Failed to execute 'postMessage' on 'Worker': (D,R,A)=>{if(this._leakageMon&&this._size>this._leakageMon.threshold*3)return console.warn(`[${this._leakageMon...<omitted>...N} could not be cloned.
    at vscode-file://vscode-app/opt/vscodium-bin/resources/app/out/vs/workbench/workbench.desktop.main.js:594:55056
2023-09-07 11:07:26.203 [error] Failed to execute 'postMessage' on 'Worker': (D,R,A)=>{if(this._leakageMon&&this._size>this._leakageMon.threshold*3)return console.warn(`[${this._leakageMon...<omitted>...N} could not be cloned.: Error: Failed to execute 'postMessage' on 'Worker': (D,R,A)=>{if(this._leakageMon&&this._size>this._leakageMon.threshold*3)return console.warn(`[${this._leakageMon...<omitted>...N} could not be cloned.
    at vscode-file://vscode-app/opt/vscodium-bin/resources/app/out/vs/workbench/workbench.desktop.main.js:594:55056
2023-09-07 11:07:42.850 [error] Failed to execute 'postMessage' on 'Worker': (D,R,A)=>{if(this._leakageMon&&this._size>this._leakageMon.threshold*3)return console.warn(`[${this._leakageMon...<omitted>...N} could not be cloned.: Error: Failed to execute 'postMessage' on 'Worker': (D,R,A)=>{if(this._leakageMon&&this._size>this._leakageMon.threshold*3)return console.warn(`[${this._leakageMon...<omitted>...N} could not be cloned.
    at vscode-file://vscode-app/opt/vscodium-bin/resources/app/out/vs/workbench/workbench.desktop.main.js:594:55056
2023-09-07 11:07:56.782 [error] Failed to execute 'postMessage' on 'Worker': (D,R,A)=>{if(this._leakageMon&&this._size>this._leakageMon.threshold*3)return console.warn(`[${this._leakageMon...<omitted>...N} could not be cloned.: Error: Failed to execute 'postMessage' on 'Worker': (D,R,A)=>{if(this._leakageMon&&this._size>this._leakageMon.threshold*3)return console.warn(`[${this._leakageMon...<omitted>...N} could not be cloned.
    at vscode-file://vscode-app/opt/vscodium-bin/resources/app/out/vs/workbench/workbench.desktop.main.js:594:55056
2023-09-07 11:08:19.249 [error] Failed to execute 'postMessage' on 'Worker': (D,R,A)=>{if(this._leakageMon&&this._size>this._leakageMon.threshold*3)return console.warn(`[${this._leakageMon...<omitted>...N} could not be cloned.: Error: Failed to execute 'postMessage' on 'Worker': (D,R,A)=>{if(this._leakageMon&&this._size>this._leakageMon.threshold*3)return console.warn(`[${this._leakageMon...<omitted>...N} could not be cloned.
    at vscode-file://vscode-app/opt/vscodium-bin/resources/app/out/vs/workbench/workbench.desktop.main.js:594:55056
2023-09-07 11:08:34.265 [error] Failed to execute 'postMessage' on 'Worker': (D,R,A)=>{if(this._leakageMon&&this._size>this._leakageMon.threshold*3)return console.warn(`[${this._leakageMon...<omitted>...N} could not be cloned.: Error: Failed to execute 'postMessage' on 'Worker': (D,R,A)=>{if(this._leakageMon&&this._size>this._leakageMon.threshold*3)return console.warn(`[${this._leakageMon...<omitted>...N} could not be cloned.
    at vscode-file://vscode-app/opt/vscodium-bin/resources/app/out/vs/workbench/workbench.desktop.main.js:594:55056
2023-09-07 11:09:03.254 [error] Failed to execute 'postMessage' on 'Worker': (D,R,A)=>{if(this._leakageMon&&this._size>this._leakageMon.threshold*3)return console.warn(`[${this._leakageMon...<omitted>...N} could not be cloned.: Error: Failed to execute 'postMessage' on 'Worker': (D,R,A)=>{if(this._leakageMon&&this._size>this._leakageMon.threshold*3)return console.warn(`[${this._leakageMon...<omitted>...N} could not be cloned.
    at vscode-file://vscode-app/opt/vscodium-bin/resources/app/out/vs/workbench/workbench.desktop.main.js:594:55056
2023-09-07 11:09:52.375 [error] Failed to execute 'postMessage' on 'Worker': (D,R,A)=>{if(this._leakageMon&&this._size>this._leakageMon.threshold*3)return console.warn(`[${this._leakageMon...<omitted>...N} could not be cloned.: Error: Failed to execute 'postMessage' on 'Worker': (D,R,A)=>{if(this._leakageMon&&this._size>this._leakageMon.threshold*3)return console.warn(`[${this._leakageMon...<omitted>...N} could not be cloned.
    at vscode-file://vscode-app/opt/vscodium-bin/resources/app/out/vs/workbench/workbench.desktop.main.js:594:55056
2023-09-07 11:15:40.537 [error] Failed to execute 'postMessage' on 'Worker': (D,R,A)=>{if(this._leakageMon&&this._size>this._leakageMon.threshold*3)return console.warn(`[${this._leakageMon...<omitted>...N} could not be cloned.: Error: Failed to execute 'postMessage' on 'Worker': (D,R,A)=>{if(this._leakageMon&&this._size>this._leakageMon.threshold*3)return console.warn(`[${this._leakageMon...<omitted>...N} could not be cloned.
    at vscode-file://vscode-app/opt/vscodium-bin/resources/app/out/vs/workbench/workbench.desktop.main.js:594:55056
2023-09-07 11:16:03.924 [error] Failed to execute 'postMessage' on 'Worker': (D,R,A)=>{if(this._leakageMon&&this._size>this._leakageMon.threshold*3)return console.warn(`[${this._leakageMon...<omitted>...N} could not be cloned.: Error: Failed to execute 'postMessage' on 'Worker': (D,R,A)=>{if(this._leakageMon&&this._size>this._leakageMon.threshold*3)return console.warn(`[${this._leakageMon...<omitted>...N} could not be cloned.
    at vscode-file://vscode-app/opt/vscodium-bin/resources/app/out/vs/workbench/workbench.desktop.main.js:594:55056
2023-09-07 11:16:07.284 [error] Failed to execute 'postMessage' on 'Worker': (D,R,A)=>{if(this._leakageMon&&this._size>this._leakageMon.threshold*3)return console.warn(`[${this._leakageMon...<omitted>...N} could not be cloned.: Error: Failed to execute 'postMessage' on 'Worker': (D,R,A)=>{if(this._leakageMon&&this._size>this._leakageMon.threshold*3)return console.warn(`[${this._leakageMon...<omitted>...N} could not be cloned.
    at vscode-file://vscode-app/opt/vscodium-bin/resources/app/out/vs/workbench/workbench.desktop.main.js:594:55056
2023-09-07 11:25:09.279 [error] Failed to execute 'postMessage' on 'Worker': (D,R,A)=>{if(this._leakageMon&&this._size>this._leakageMon.threshold*3)return console.warn(`[${this._leakageMon...<omitted>...N} could not be cloned.: Error: Failed to execute 'postMessage' on 'Worker': (D,R,A)=>{if(this._leakageMon&&this._size>this._leakageMon.threshold*3)return console.warn(`[${this._leakageMon...<omitted>...N} could not be cloned.
    at vscode-file://vscode-app/opt/vscodium-bin/resources/app/out/vs/workbench/workbench.desktop.main.js:594:55056
2023-09-07 11:25:12.684 [error] Failed to execute 'postMessage' on 'Worker': (D,R,A)=>{if(this._leakageMon&&this._size>this._leakageMon.threshold*3)return console.warn(`[${this._leakageMon...<omitted>...N} could not be cloned.: Error: Failed to execute 'postMessage' on 'Worker': (D,R,A)=>{if(this._leakageMon&&this._size>this._leakageMon.threshold*3)return console.warn(`[${this._leakageMon...<omitted>...N} could not be cloned.
    at vscode-file://vscode-app/opt/vscodium-bin/resources/app/out/vs/workbench/workbench.desktop.main.js:594:55056
2023-09-07 11:25:17.627 [error] Failed to execute 'postMessage' on 'Worker': (D,R,A)=>{if(this._leakageMon&&this._size>this._leakageMon.threshold*3)return console.warn(`[${this._leakageMon...<omitted>...N} could not be cloned.: Error: Failed to execute 'postMessage' on 'Worker': (D,R,A)=>{if(this._leakageMon&&this._size>this._leakageMon.threshold*3)return console.warn(`[${this._leakageMon...<omitted>...N} could not be cloned.
    at vscode-file://vscode-app/opt/vscodium-bin/resources/app/out/vs/workbench/workbench.desktop.main.js:594:55056
2023-09-07 11:25:51.378 [error] Failed to execute 'postMessage' on 'Worker': (D,R,A)=>{if(this._leakageMon&&this._size>this._leakageMon.threshold*3)return console.warn(`[${this._leakageMon...<omitted>...N} could not be cloned.: Error: Failed to execute 'postMessage' on 'Worker': (D,R,A)=>{if(this._leakageMon&&this._size>this._leakageMon.threshold*3)return console.warn(`[${this._leakageMon...<omitted>...N} could not be cloned.
    at vscode-file://vscode-app/opt/vscodium-bin/resources/app/out/vs/workbench/workbench.desktop.main.js:594:55056
2023-09-07 11:26:48.690 [error] Failed to execute 'postMessage' on 'Worker': (D,R,A)=>{if(this._leakageMon&&this._size>this._leakageMon.threshold*3)return console.warn(`[${this._leakageMon...<omitted>...N} could not be cloned.: Error: Failed to execute 'postMessage' on 'Worker': (D,R,A)=>{if(this._leakageMon&&this._size>this._leakageMon.threshold*3)return console.warn(`[${this._leakageMon...<omitted>...N} could not be cloned.
    at vscode-file://vscode-app/opt/vscodium-bin/resources/app/out/vs/workbench/workbench.desktop.main.js:594:55056
2023-09-07 11:26:54.339 [error] Failed to execute 'postMessage' on 'Worker': (D,R,A)=>{if(this._leakageMon&&this._size>this._leakageMon.threshold*3)return console.warn(`[${this._leakageMon...<omitted>...N} could not be cloned.: Error: Failed to execute 'postMessage' on 'Worker': (D,R,A)=>{if(this._leakageMon&&this._size>this._leakageMon.threshold*3)return console.warn(`[${this._leakageMon...<omitted>...N} could not be cloned.
    at vscode-file://vscode-app/opt/vscodium-bin/resources/app/out/vs/workbench/workbench.desktop.main.js:594:55056
2023-09-07 11:27:05.504 [error] Failed to execute 'postMessage' on 'Worker': (D,R,A)=>{if(this._leakageMon&&this._size>this._leakageMon.threshold*3)return console.warn(`[${this._leakageMon...<omitted>...N} could not be cloned.: Error: Failed to execute 'postMessage' on 'Worker': (D,R,A)=>{if(this._leakageMon&&this._size>this._leakageMon.threshold*3)return console.warn(`[${this._leakageMon...<omitted>...N} could not be cloned.
    at vscode-file://vscode-app/opt/vscodium-bin/resources/app/out/vs/workbench/workbench.desktop.main.js:594:55056
2023-09-07 11:29:18.306 [error] Failed to execute 'postMessage' on 'Worker': (D,R,A)=>{if(this._leakageMon&&this._size>this._leakageMon.threshold*3)return console.warn(`[${this._leakageMon...<omitted>...N} could not be cloned.: Error: Failed to execute 'postMessage' on 'Worker': (D,R,A)=>{if(this._leakageMon&&this._size>this._leakageMon.threshold*3)return console.warn(`[${this._leakageMon...<omitted>...N} could not be cloned.
    at vscode-file://vscode-app/opt/vscodium-bin/resources/app/out/vs/workbench/workbench.desktop.main.js:594:55056
2023-09-07 11:30:35.361 [error] Failed to execute 'postMessage' on 'Worker': (D,R,A)=>{if(this._leakageMon&&this._size>this._leakageMon.threshold*3)return console.warn(`[${this._leakageMon...<omitted>...N} could not be cloned.: Error: Failed to execute 'postMessage' on 'Worker': (D,R,A)=>{if(this._leakageMon&&this._size>this._leakageMon.threshold*3)return console.warn(`[${this._leakageMon...<omitted>...N} could not be cloned.
    at vscode-file://vscode-app/opt/vscodium-bin/resources/app/out/vs/workbench/workbench.desktop.main.js:594:55056
2023-09-07 11:30:50.536 [error] Failed to execute 'postMessage' on 'Worker': (D,R,A)=>{if(this._leakageMon&&this._size>this._leakageMon.threshold*3)return console.warn(`[${this._leakageMon...<omitted>...N} could not be cloned.: Error: Failed to execute 'postMessage' on 'Worker': (D,R,A)=>{if(this._leakageMon&&this._size>this._leakageMon.threshold*3)return console.warn(`[${this._leakageMon...<omitted>...N} could not be cloned.
    at vscode-file://vscode-app/opt/vscodium-bin/resources/app/out/vs/workbench/workbench.desktop.main.js:594:55056
2023-09-07 11:30:55.904 [error] Failed to execute 'postMessage' on 'Worker': (D,R,A)=>{if(this._leakageMon&&this._size>this._leakageMon.threshold*3)return console.warn(`[${this._leakageMon...<omitted>...N} could not be cloned.: Error: Failed to execute 'postMessage' on 'Worker': (D,R,A)=>{if(this._leakageMon&&this._size>this._leakageMon.threshold*3)return console.warn(`[${this._leakageMon...<omitted>...N} could not be cloned.
    at vscode-file://vscode-app/opt/vscodium-bin/resources/app/out/vs/workbench/workbench.desktop.main.js:594:55056
