2023-09-07 10:40:02.956 [info] Added views:workbench.panel.markers.view in workbench.panel.markers
2023-09-07 10:40:02.956 [info] Added views:workbench.panel.output in workbench.panel.output
2023-09-07 10:40:02.956 [info] Added views:terminal in terminal
2023-09-07 10:40:02.956 [info] Added views:outline in workbench.view.explorer
2023-09-07 10:40:02.956 [info] Added views:workbench.scm in workbench.view.scm
2023-09-07 10:40:02.956 [info] Added views:workbench.view.search in workbench.view.search
2023-09-07 10:40:02.956 [info] Added views:timeline in workbench.view.explorer
2023-09-07 10:40:02.956 [info] Added views:workbench.explorer.fileView in workbench.view.explorer
2023-09-07 10:40:03.889 [info] Added views:dockerContainers,dockerImages,dockerRegistries,dockerNetworks,dockerVolumes,vscode-docker.views.dockerContexts,vscode-docker.views.help in workbench.view.extension.dockerView
2023-09-07 10:40:03.896 [info] Added views:liveshare.session in workbench.view.extension.liveshare
2023-09-07 10:40:03.906 [info] Added views:platformio-ide.quickAccess in workbench.view.extension.platformio
2023-09-07 10:40:03.910 [info] Added views:platformio-debug.peripherals,platformio-debug.registers,platformio-debug.memory,platformio-debug.disassembly in workbench.view.debug
2023-09-07 10:40:03.912 [info] Added views:workspaceViewer in workbench.view.extension.workspaceViewer
2023-09-07 10:40:04.115 [info] Added views:workbench.debug.welcome in workbench.view.debug
2023-09-07 10:40:04.755 [info] Added views:workbench.panel.repl.view in workbench.panel.repl
2023-09-07 10:40:05.600 [info] Added views:rHelpPages in workbench.view.extension.workspaceViewer
2023-09-07 10:40:08.655 [info] Added views:rLiveShare in workbench.view.extension.workspaceViewer
2023-09-07 10:40:09.083 [info] Added views:workbench.views.extensions.searchInstalled in workbench.view.extensions
2023-09-07 10:40:38.823 [info] Added views:workbench.panel.markers.view in workbench.panel.markers
2023-09-07 10:40:38.823 [info] Added views:workbench.panel.output in workbench.panel.output
2023-09-07 10:40:38.823 [info] Added views:terminal in terminal
2023-09-07 10:40:38.823 [info] Added views:outline in workbench.view.explorer
2023-09-07 10:40:38.823 [info] Added views:workbench.scm in workbench.view.scm
2023-09-07 10:40:38.823 [info] Added views:workbench.view.search in workbench.view.search
2023-09-07 10:40:38.823 [info] Added views:timeline in workbench.view.explorer
2023-09-07 10:40:38.823 [info] Added views:workbench.explorer.emptyView in workbench.view.explorer
2023-09-07 10:40:39.484 [info] Added views:dockerContainers,dockerImages,dockerRegistries,dockerNetworks,dockerVolumes,vscode-docker.views.dockerContexts,vscode-docker.views.help in workbench.view.extension.dockerView
2023-09-07 10:40:39.494 [info] Added views:liveshare.session in workbench.view.extension.liveshare
2023-09-07 10:40:39.496 [info] Added views:platformio-ide.quickAccess in workbench.view.extension.platformio
2023-09-07 10:40:39.497 [info] Added views:platformio-debug.peripherals,platformio-debug.registers,platformio-debug.memory,platformio-debug.disassembly in workbench.view.debug
2023-09-07 10:40:39.500 [info] Added views:workspaceViewer in workbench.view.extension.workspaceViewer
2023-09-07 10:40:40.119 [info] Added views:workbench.debug.variablesView,workbench.debug.watchExpressionsView,workbench.debug.callStackView,workbench.debug.breakPointsView in workbench.view.debug
2023-09-07 10:40:40.462 [info] Added views:workbench.panel.repl.view in workbench.panel.repl
2023-09-07 10:40:40.474 [info] Removed views:workbench.debug.breakPointsView,workbench.debug.callStackView,workbench.debug.watchExpressionsView,workbench.debug.variablesView from workbench.view.debug
2023-09-07 10:40:40.477 [info] Added views:workbench.debug.welcome in workbench.view.debug
2023-09-07 10:41:09.309 [info] Added views:workbench.panel.markers.view in workbench.panel.markers
2023-09-07 10:41:09.310 [info] Added views:workbench.panel.output in workbench.panel.output
2023-09-07 10:41:09.310 [info] Added views:terminal in terminal
2023-09-07 10:41:09.310 [info] Added views:outline in workbench.view.explorer
2023-09-07 10:41:09.310 [info] Added views:workbench.scm in workbench.view.scm
2023-09-07 10:41:09.310 [info] Added views:workbench.view.search in workbench.view.search
2023-09-07 10:41:09.310 [info] Added views:timeline in workbench.view.explorer
2023-09-07 10:41:09.310 [info] Added views:workbench.explorer.fileView in workbench.view.explorer
2023-09-07 10:41:09.944 [info] Added views:dockerContainers,dockerImages,dockerRegistries,dockerNetworks,dockerVolumes,vscode-docker.views.dockerContexts,vscode-docker.views.help in workbench.view.extension.dockerView
2023-09-07 10:41:09.965 [info] Added views:liveshare.session in workbench.view.extension.liveshare
2023-09-07 10:41:09.966 [info] Added views:platformio-ide.quickAccess in workbench.view.extension.platformio
2023-09-07 10:41:09.968 [info] Added views:platformio-debug.peripherals,platformio-debug.registers,platformio-debug.memory,platformio-debug.disassembly in workbench.view.debug
2023-09-07 10:41:09.970 [info] Added views:workspaceViewer in workbench.view.extension.workspaceViewer
2023-09-07 10:41:10.704 [info] Added views:workbench.debug.welcome in workbench.view.debug
2023-09-07 10:41:10.906 [info] Added views:workbench.panel.repl.view in workbench.panel.repl
2023-09-07 10:41:13.741 [info] Added views:workbench.views.extensions.installed,workbench.views.extensions.popular,extensions.recommendedList in workbench.view.extensions
2023-09-07 10:41:13.750 [info] Removed views:workbench.views.extensions.popular from workbench.view.extensions
2023-09-07 10:41:13.999 [info] Added views:rHelpPages in workbench.view.extension.workspaceViewer
2023-09-07 10:41:14.243 [info] Added views:jupyterViewVariables in workbench.view.extension.jupyter-variables
2023-09-07 10:41:14.258 [info] Added views:cell-tag in workbench.view.extension.jupyter-variables
2023-09-07 10:41:15.299 [info] Removed views:extensions.recommendedList,workbench.views.extensions.installed from workbench.view.extensions
2023-09-07 10:41:15.394 [info] Added views:workbench.views.extensions.searchInstalled in workbench.view.extensions
2023-09-07 10:41:16.293 [info] Added views:workbench.view.testing in workbench.view.extension.test
2023-09-07 10:41:17.188 [info] Removed views:cell-tag,jupyterViewVariables from workbench.view.extension.jupyter-variables
2023-09-07 10:41:17.343 [info] Added views:jupyterViewVariables,cell-tag in workbench.view.extension.jupyter-variables
2023-09-07 10:41:17.966 [info] Added views:rLiveShare in workbench.view.extension.workspaceViewer
2023-09-07 11:31:20.149 [info] Removed views:cell-tag,jupyterViewVariables from workbench.view.extension.jupyter-variables
2023-09-07 11:31:40.903 [info] Removed views:workbench.view.testing from workbench.view.extension.test
