2023-09-05 11:38:08.238 [warning] Via 'product.json#extensionEnabledApiProposals' extension 'github.vscode-pull-request-github' wants API proposal 'quickPickItemIcon' but that proposal DOES NOT EXIST. Likely, the proposal has been finalized (check 'vscode.d.ts') or was abandoned.
2023-09-05 11:38:09.698 [warning] [twxs.cmake]: Cannot register 'cmake.cmakePath'. This property is already registered.
2023-09-05 11:38:14.405 [error] Error: Error while decrypting the ciphertext provided to safeStorage.decryptString. Encryption is not available.
    at M.encrypt (/opt/vscodium-bin/resources/app/out/vs/code/electron-main/main.js:42:13583)
    at Object.call (/opt/vscodium-bin/resources/app/out/vs/code/electron-main/main.js:25:5861)
    at C.onPromise (/opt/vscodium-bin/resources/app/out/vs/code/electron-main/main.js:23:5765)
    at C.onRawMessage (/opt/vscodium-bin/resources/app/out/vs/code/electron-main/main.js:23:5153)
    at o.value (/opt/vscodium-bin/resources/app/out/vs/code/electron-main/main.js:23:4441)
    at v._deliver (/opt/vscodium-bin/resources/app/out/vs/code/electron-main/main.js:18:2469)
    at v._deliverQueue (/opt/vscodium-bin/resources/app/out/vs/code/electron-main/main.js:18:2560)
    at v.fire (/opt/vscodium-bin/resources/app/out/vs/code/electron-main/main.js:18:2895)
    at o.value (/opt/vscodium-bin/resources/app/out/vs/code/electron-main/main.js:16:41505)
    at v._deliver (/opt/vscodium-bin/resources/app/out/vs/code/electron-main/main.js:18:2469)
    at v.fire (/opt/vscodium-bin/resources/app/out/vs/code/electron-main/main.js:18:2788)
    at o.value (/opt/vscodium-bin/resources/app/out/vs/code/electron-main/main.js:16:41699)
    at v._deliver (/opt/vscodium-bin/resources/app/out/vs/code/electron-main/main.js:18:2469)
    at v.fire (/opt/vscodium-bin/resources/app/out/vs/code/electron-main/main.js:18:2788)
    at re (/opt/vscodium-bin/resources/app/out/vs/code/electron-main/main.js:16:43949)
    at IpcMainImpl.h (/opt/vscodium-bin/resources/app/out/vs/code/electron-main/main.js:19:100108)
    at IpcMainImpl.emit (node:events:513:28)
    at EventEmitter.<anonymous> (node:electron/js2c/browser_init:2:81053)
    at EventEmitter.emit (node:events:513:28)
2023-09-05 11:38:17.146 [info] [perf] Render performance baseline is 90ms
2023-09-05 11:38:30.251 [error] Failed to execute 'postMessage' on 'Worker': (D,R,A)=>{if(this._leakageMon&&this._size>this._leakageMon.threshold*3)return console.warn(`[${this._leakageMon...<omitted>...N} could not be cloned.: Error: Failed to execute 'postMessage' on 'Worker': (D,R,A)=>{if(this._leakageMon&&this._size>this._leakageMon.threshold*3)return console.warn(`[${this._leakageMon...<omitted>...N} could not be cloned.
    at vscode-file://vscode-app/opt/vscodium-bin/resources/app/out/vs/workbench/workbench.desktop.main.js:594:55056
2023-09-05 11:40:19.072 [error] Failed to execute 'postMessage' on 'Worker': (D,R,A)=>{if(this._leakageMon&&this._size>this._leakageMon.threshold*3)return console.warn(`[${this._leakageMon...<omitted>...N} could not be cloned.: Error: Failed to execute 'postMessage' on 'Worker': (D,R,A)=>{if(this._leakageMon&&this._size>this._leakageMon.threshold*3)return console.warn(`[${this._leakageMon...<omitted>...N} could not be cloned.
    at vscode-file://vscode-app/opt/vscodium-bin/resources/app/out/vs/workbench/workbench.desktop.main.js:594:55056
2023-09-05 11:41:14.342 [error] Failed to execute 'postMessage' on 'Worker': (D,R,A)=>{if(this._leakageMon&&this._size>this._leakageMon.threshold*3)return console.warn(`[${this._leakageMon...<omitted>...N} could not be cloned.: Error: Failed to execute 'postMessage' on 'Worker': (D,R,A)=>{if(this._leakageMon&&this._size>this._leakageMon.threshold*3)return console.warn(`[${this._leakageMon...<omitted>...N} could not be cloned.
    at vscode-file://vscode-app/opt/vscodium-bin/resources/app/out/vs/workbench/workbench.desktop.main.js:594:55056
2023-09-05 11:41:22.863 [error] Failed to execute 'postMessage' on 'Worker': (D,R,A)=>{if(this._leakageMon&&this._size>this._leakageMon.threshold*3)return console.warn(`[${this._leakageMon...<omitted>...N} could not be cloned.: Error: Failed to execute 'postMessage' on 'Worker': (D,R,A)=>{if(this._leakageMon&&this._size>this._leakageMon.threshold*3)return console.warn(`[${this._leakageMon...<omitted>...N} could not be cloned.
    at vscode-file://vscode-app/opt/vscodium-bin/resources/app/out/vs/workbench/workbench.desktop.main.js:594:55056
2023-09-05 11:41:39.978 [error] Failed to execute 'postMessage' on 'Worker': (D,R,A)=>{if(this._leakageMon&&this._size>this._leakageMon.threshold*3)return console.warn(`[${this._leakageMon...<omitted>...N} could not be cloned.: Error: Failed to execute 'postMessage' on 'Worker': (D,R,A)=>{if(this._leakageMon&&this._size>this._leakageMon.threshold*3)return console.warn(`[${this._leakageMon...<omitted>...N} could not be cloned.
    at vscode-file://vscode-app/opt/vscodium-bin/resources/app/out/vs/workbench/workbench.desktop.main.js:594:55056
2023-09-05 11:42:14.921 [error] Failed to execute 'postMessage' on 'Worker': (D,R,A)=>{if(this._leakageMon&&this._size>this._leakageMon.threshold*3)return console.warn(`[${this._leakageMon...<omitted>...N} could not be cloned.: Error: Failed to execute 'postMessage' on 'Worker': (D,R,A)=>{if(this._leakageMon&&this._size>this._leakageMon.threshold*3)return console.warn(`[${this._leakageMon...<omitted>...N} could not be cloned.
    at vscode-file://vscode-app/opt/vscodium-bin/resources/app/out/vs/workbench/workbench.desktop.main.js:594:55056
2023-09-05 11:45:45.781 [error] Failed to execute 'postMessage' on 'Worker': (D,R,A)=>{if(this._leakageMon&&this._size>this._leakageMon.threshold*3)return console.warn(`[${this._leakageMon...<omitted>...N} could not be cloned.: Error: Failed to execute 'postMessage' on 'Worker': (D,R,A)=>{if(this._leakageMon&&this._size>this._leakageMon.threshold*3)return console.warn(`[${this._leakageMon...<omitted>...N} could not be cloned.
    at vscode-file://vscode-app/opt/vscodium-bin/resources/app/out/vs/workbench/workbench.desktop.main.js:594:55056
