VSCodium (1.81.1, undefined, desktop)
Jupyter Extension Version: 2023.7.1002162226.
Python Extension Version: 2023.14.0.
Platform: linux (x64).
Workspace folder ~/Documents/Cours/5A GPSE - MSc IoT/Mathématiques, Home = /home/mouss
11:33:45.182 [info] Telemetry level is off
11:33:45.183 [info] Experiments are disabled, only manually opted experiments are active.
11:33:45.801 [info] Start refreshing Interpreter Kernel Picker (1694079225801)
11:33:45.810 [info] Using Pylance
11:33:46.780 [info] Starting Kernel startUsingPythonInterpreter, .jvsc74a57bd0e7370f93d1d0cde622a1f8e1c04877d8463912d04d973331ad4851f04de6915a./bin/python./bin/python.-m#ipykernel_launcher  (Python Path: /bin/python, Unknown, 3.11.5) for '~/Documents/Cours/5A GPSE - MSc IoT/Mathématiques/TP1.ipynb' (disableUI=true)
11:33:46.891 [warn] Failed to get activated env vars for /bin/python in 541ms
11:33:46.896 [warn] Failed to get activated env vars for /bin/python in 90ms
11:33:46.916 [info] Process Execution: /bin/python -c "import site;print("USER_BASE_VALUE");print(site.USER_BASE);print("USER_BASE_VALUE");"
11:33:46.965 [info] Process Execution: /bin/python -m pip list
11:33:46.980 [info] Process Execution: /bin/python -c "import ipykernel; print(ipykernel.__version__); print("5dc3a68c-e34e-4080-9c3e-2a532b2ccb4d"); print(ipykernel.__file__)"
11:33:46.997 [info] Process Execution: /bin/python -m ipykernel_launcher --ip=127.0.0.1 --stdin=9003 --control=9001 --hb=9000 --Session.signature_scheme="hmac-sha256" --Session.key=b"596f06a5-97f1-48d1-a3e7-4eef834b4f89" --shell=9002 --transport="tcp" --iopub=9004 --f=~/.local/share/jupyter/runtime/kernel-v2-162751IzFYfT3rv0zf.json
    > cwd: ~/Documents/Cours/5A GPSE - MSc IoT/Mathématiques
11:33:47.458 [info] ipykernel version & path 6.23.1, ~/.local/lib/python3.11/site-packages/ipykernel/__init__.py for /bin/python
11:33:47.976 [warn] StdErr from Kernel Process 0.00s - Debugger warning: It seems that frozen modules are being used, which may
0.00s - make the debugger miss breakpoints. Please pass -Xfrozen_modules=off
0.00s - to python to disable frozen modules.
0.00s - Note: Debugging will proceed. Set PYDEVD_DISABLE_FILE_VALIDATION=1 to disable this validation.
11:33:48.263 [info] Started Kernel Python 3.11.5 (pid: 163635)
11:33:48.263 [info] Started new session 995c0957-3151-467b-b536-782c7e48bcaa
11:33:48.316 [info] Process Execution: /bin/python ~/.vscode-oss/extensions/ms-toolsai.jupyter-2023.7.1002162226-linux-x64/pythonFiles/printJupyterDataDir.py
11:33:48.317 [info] End refreshing Interpreter Kernel Picker (1694079225801)
11:34:34.238 [info] Handle Execution of Cells 15 for ~/Documents/Cours/5A GPSE - MSc IoT/Mathématiques/TP1.ipynb
11:34:34.261 [info] Kernel acknowledged execution of cell 15 @ 1694079274249
11:34:34.518 [info] End cell 15 execution @ 1694079274513, started @ 1694079274249, elapsed time = 0.264s
11:34:34.519 [warn] Cancel all remaining cells due to cancellation or failure in execution
11:34:38.579 [info] Handle Execution of Cells 1,3,4,5,6,7,8,9,10,11,12,14,15 for ~/Documents/Cours/5A GPSE - MSc IoT/Mathématiques/TP1.ipynb
11:34:38.600 [info] Kernel acknowledged execution of cell 1 @ 1694079278596
11:34:38.819 [info] End cell 1 execution @ 1694079278816, started @ 1694079278596, elapsed time = 0.22s
11:34:38.825 [info] Kernel acknowledged execution of cell 3 @ 1694079278821
11:34:38.829 [info] End cell 3 execution @ 1694079278826, started @ 1694079278821, elapsed time = 0.005s
11:34:38.834 [info] Kernel acknowledged execution of cell 4 @ 1694079278830
11:34:38.841 [info] End cell 4 execution @ 1694079278835, started @ 1694079278830, elapsed time = 0.005s
11:34:38.848 [info] Kernel acknowledged execution of cell 5 @ 1694079278843
11:34:38.851 [info] End cell 5 execution @ 1694079278848, started @ 1694079278843, elapsed time = 0.005s
11:34:38.857 [info] Kernel acknowledged execution of cell 6 @ 1694079278853
11:34:38.863 [info] End cell 6 execution @ 1694079278859, started @ 1694079278853, elapsed time = 0.006s
11:34:38.870 [info] Kernel acknowledged execution of cell 7 @ 1694079278865
11:34:38.874 [info] End cell 7 execution @ 1694079278871, started @ 1694079278865, elapsed time = 0.006s
11:34:38.882 [info] Kernel acknowledged execution of cell 8 @ 1694079278876
11:34:38.888 [info] End cell 8 execution @ 1694079278883, started @ 1694079278876, elapsed time = 0.007s
11:34:38.895 [info] Kernel acknowledged execution of cell 9 @ 1694079278890
11:34:38.899 [info] End cell 9 execution @ 1694079278896, started @ 1694079278890, elapsed time = 0.006s
11:34:38.913 [info] Kernel acknowledged execution of cell 10 @ 1694079278902
11:34:38.931 [info] End cell 10 execution @ 1694079278928, started @ 1694079278902, elapsed time = 0.026s
11:34:38.931 [warn] Cancel all remaining cells due to cancellation or failure in execution
11:34:38.931 [info] End cell 11 execution @ undefined, started @ undefined, elapsed time = 0s
11:34:38.931 [info] End cell 12 execution @ undefined, started @ undefined, elapsed time = 0s
11:34:38.932 [info] End cell 14 execution @ undefined, started @ undefined, elapsed time = 0s
11:34:38.932 [info] End cell 15 execution @ undefined, started @ undefined, elapsed time = 0s
11:34:41.280 [info] Handle Execution of Cells 15 for ~/Documents/Cours/5A GPSE - MSc IoT/Mathématiques/TP1.ipynb
11:34:41.292 [info] Kernel acknowledged execution of cell 15 @ 1694079281284
11:34:41.310 [info] End cell 15 execution @ 1694079281305, started @ 1694079281284, elapsed time = 0.021s
11:34:41.310 [warn] Cancel all remaining cells due to cancellation or failure in execution
11:34:57.708 [info] Handle Execution of Cells 14 for ~/Documents/Cours/5A GPSE - MSc IoT/Mathématiques/TP1.ipynb
11:34:57.716 [info] Kernel acknowledged execution of cell 14 @ 1694079297711
11:34:57.721 [info] End cell 14 execution @ 1694079297717, started @ 1694079297711, elapsed time = 0.006s
11:35:00.136 [info] Handle Execution of Cells 15 for ~/Documents/Cours/5A GPSE - MSc IoT/Mathématiques/TP1.ipynb
11:35:00.145 [info] Kernel acknowledged execution of cell 15 @ 1694079300139
11:35:00.149 [info] End cell 15 execution @ 1694079300145, started @ 1694079300139, elapsed time = 0.006s
11:36:32.676 [info] Handle Execution of Cells 15 for ~/Documents/Cours/5A GPSE - MSc IoT/Mathématiques/TP1.ipynb
11:36:32.685 [info] Kernel acknowledged execution of cell 15 @ 1694079392680
11:36:32.689 [info] End cell 15 execution @ 1694079392685, started @ 1694079392680, elapsed time = 0.005s
11:36:36.838 [info] Handle Execution of Cells 15 for ~/Documents/Cours/5A GPSE - MSc IoT/Mathématiques/TP1.ipynb
11:36:36.848 [info] Kernel acknowledged execution of cell 15 @ 1694079396842
11:36:36.852 [info] End cell 15 execution @ 1694079396848, started @ 1694079396842, elapsed time = 0.006s
11:36:42.007 [info] Handle Execution of Cells 15 for ~/Documents/Cours/5A GPSE - MSc IoT/Mathématiques/TP1.ipynb
11:36:42.016 [info] Kernel acknowledged execution of cell 15 @ 1694079402011
11:36:42.020 [info] End cell 15 execution @ 1694079402016, started @ 1694079402011, elapsed time = 0.005s
11:43:33.716 [info] Handle Execution of Cells 14 for ~/Documents/Cours/5A GPSE - MSc IoT/Mathématiques/TP1.ipynb
11:43:33.726 [info] Kernel acknowledged execution of cell 14 @ 1694079813719
11:43:33.730 [info] End cell 14 execution @ 1694079813726, started @ 1694079813719, elapsed time = 0.007s
11:43:39.617 [info] Handle Execution of Cells 14 for ~/Documents/Cours/5A GPSE - MSc IoT/Mathématiques/TP1.ipynb
11:43:39.627 [info] Kernel acknowledged execution of cell 14 @ 1694079819621
11:43:39.631 [info] End cell 14 execution @ 1694079819627, started @ 1694079819621, elapsed time = 0.006s
11:43:47.582 [info] Handle Execution of Cells 15 for ~/Documents/Cours/5A GPSE - MSc IoT/Mathématiques/TP1.ipynb
11:43:47.591 [info] Kernel acknowledged execution of cell 15 @ 1694079827586
11:43:47.594 [info] End cell 15 execution @ 1694079827591, started @ 1694079827586, elapsed time = 0.005s
11:45:08.658 [info] Handle Execution of Cells 18 for ~/Documents/Cours/5A GPSE - MSc IoT/Mathématiques/TP1.ipynb
11:45:08.663 [info] Kernel acknowledged execution of cell 18 @ 1694079908661
11:45:08.687 [info] End cell 18 execution @ 1694079908683, started @ 1694079908661, elapsed time = 0.022s
11:45:08.687 [warn] Cancel all remaining cells due to cancellation or failure in execution
11:45:35.194 [info] Handle Execution of Cells 18 for ~/Documents/Cours/5A GPSE - MSc IoT/Mathématiques/TP1.ipynb
11:45:35.206 [info] Kernel acknowledged execution of cell 18 @ 1694079935197
11:45:35.224 [info] End cell 18 execution @ 1694079935220, started @ 1694079935197, elapsed time = 0.023s
11:45:35.224 [warn] Cancel all remaining cells due to cancellation or failure in execution
11:45:38.840 [info] Handle Execution of Cells 14 for ~/Documents/Cours/5A GPSE - MSc IoT/Mathématiques/TP1.ipynb
11:45:38.851 [info] Kernel acknowledged execution of cell 14 @ 1694079938843
11:45:38.856 [info] End cell 14 execution @ 1694079938853, started @ 1694079938843, elapsed time = 0.01s
11:45:41.852 [info] Handle Execution of Cells 18 for ~/Documents/Cours/5A GPSE - MSc IoT/Mathématiques/TP1.ipynb
11:45:41.859 [info] Kernel acknowledged execution of cell 18 @ 1694079941855
11:45:41.864 [info] End cell 18 execution @ 1694079941860, started @ 1694079941855, elapsed time = 0.005s
11:45:46.878 [info] Handle Execution of Cells 18 for ~/Documents/Cours/5A GPSE - MSc IoT/Mathématiques/TP1.ipynb
11:45:46.886 [info] Kernel acknowledged execution of cell 18 @ 1694079946881
11:45:46.890 [info] End cell 18 execution @ 1694079946886, started @ 1694079946881, elapsed time = 0.005s
11:45:51.449 [info] Handle Execution of Cells 18 for ~/Documents/Cours/5A GPSE - MSc IoT/Mathématiques/TP1.ipynb
11:45:51.454 [info] Kernel acknowledged execution of cell 18 @ 1694079951452
11:45:51.461 [info] End cell 18 execution @ 1694079951457, started @ 1694079951452, elapsed time = 0.005s
11:45:53.735 [info] Handle Execution of Cells 18 for ~/Documents/Cours/5A GPSE - MSc IoT/Mathématiques/TP1.ipynb
11:45:53.742 [info] Kernel acknowledged execution of cell 18 @ 1694079953738
11:45:53.747 [info] End cell 18 execution @ 1694079953743, started @ 1694079953738, elapsed time = 0.005s
11:45:57.194 [info] Handle Execution of Cells 18 for ~/Documents/Cours/5A GPSE - MSc IoT/Mathématiques/TP1.ipynb
11:45:57.201 [info] Kernel acknowledged execution of cell 18 @ 1694079957197
11:45:57.206 [info] End cell 18 execution @ 1694079957202, started @ 1694079957197, elapsed time = 0.005s
11:47:47.780 [info] Disposing HostJupyterExecution
11:47:47.781 [info] Shutting down notebooks for ab15f006-349a-4398-bf4d-e804c36923a5
11:47:47.781 [info] Dispose Kernel '~/Documents/Cours/5A GPSE - MSc IoT/Mathématiques/TP1.ipynb' associated with '~/Documents/Cours/5A GPSE - MSc IoT/Mathématiques/TP1.ipynb'
11:47:47.783 [info] Dispose Kernel process 163635.
11:47:47.802 [info] Disposing HostJupyterExecution
