2023-09-07 11:31:44.557 [warning] Via 'product.json#extensionEnabledApiProposals' extension 'github.vscode-pull-request-github' wants API proposal 'quickPickItemIcon' but that proposal DOES NOT EXIST. Likely, the proposal has been finalized (check 'vscode.d.ts') or was abandoned.
2023-09-07 11:31:45.519 [warning] [REditorSupport.r]: Cannot register 'r.rpath.windows'. This property is already registered.
2023-09-07 11:31:45.520 [warning] [REditorSupport.r]: Cannot register 'r.rpath.mac'. This property is already registered.
2023-09-07 11:31:45.520 [warning] [REditorSupport.r]: Cannot register 'r.rpath.linux'. This property is already registered.
2023-09-07 11:31:45.523 [warning] [twxs.cmake]: Cannot register 'cmake.cmakePath'. This property is already registered.
2023-09-07 11:31:46.969 [error] [Extension Host] (node:162751) [DEP0005] DeprecationWarning: Buffer() is deprecated due to security and usability issues. Please use the Buffer.alloc(), Buffer.allocUnsafe(), or Buffer.from() methods instead.
(Use `exe --trace-deprecation ...` to show where the warning was created)
2023-09-07 11:31:49.080 [info] [perf] Render performance baseline is 191ms
2023-09-07 11:33:46.481 [error] Error: Error while decrypting the ciphertext provided to safeStorage.decryptString. Encryption is not available.
    at M.encrypt (/opt/vscodium-bin/resources/app/out/vs/code/electron-main/main.js:42:13583)
    at Object.call (/opt/vscodium-bin/resources/app/out/vs/code/electron-main/main.js:25:5861)
    at C.onPromise (/opt/vscodium-bin/resources/app/out/vs/code/electron-main/main.js:23:5765)
    at C.onRawMessage (/opt/vscodium-bin/resources/app/out/vs/code/electron-main/main.js:23:5153)
    at o.value (/opt/vscodium-bin/resources/app/out/vs/code/electron-main/main.js:23:4441)
    at v._deliver (/opt/vscodium-bin/resources/app/out/vs/code/electron-main/main.js:18:2469)
    at v._deliverQueue (/opt/vscodium-bin/resources/app/out/vs/code/electron-main/main.js:18:2560)
    at v.fire (/opt/vscodium-bin/resources/app/out/vs/code/electron-main/main.js:18:2895)
    at o.value (/opt/vscodium-bin/resources/app/out/vs/code/electron-main/main.js:16:41505)
    at v._deliver (/opt/vscodium-bin/resources/app/out/vs/code/electron-main/main.js:18:2469)
    at v.fire (/opt/vscodium-bin/resources/app/out/vs/code/electron-main/main.js:18:2788)
    at o.value (/opt/vscodium-bin/resources/app/out/vs/code/electron-main/main.js:16:41699)
    at v._deliver (/opt/vscodium-bin/resources/app/out/vs/code/electron-main/main.js:18:2469)
    at v.fire (/opt/vscodium-bin/resources/app/out/vs/code/electron-main/main.js:18:2788)
    at re (/opt/vscodium-bin/resources/app/out/vs/code/electron-main/main.js:16:43949)
    at IpcMainImpl.h (/opt/vscodium-bin/resources/app/out/vs/code/electron-main/main.js:19:100108)
    at IpcMainImpl.emit (node:events:513:28)
    at EventEmitter.<anonymous> (node:electron/js2c/browser_init:2:81053)
    at EventEmitter.emit (node:events:513:28)
2023-09-07 11:34:34.556 [error] Failed to execute 'postMessage' on 'Worker': (D,R,A)=>{if(this._leakageMon&&this._size>this._leakageMon.threshold*3)return console.warn(`[${this._leakageMon...<omitted>...N} could not be cloned.: Error: Failed to execute 'postMessage' on 'Worker': (D,R,A)=>{if(this._leakageMon&&this._size>this._leakageMon.threshold*3)return console.warn(`[${this._leakageMon...<omitted>...N} could not be cloned.
    at vscode-file://vscode-app/opt/vscodium-bin/resources/app/out/vs/workbench/workbench.desktop.main.js:594:55056
2023-09-07 11:34:39.016 [error] Failed to execute 'postMessage' on 'Worker': (D,R,A)=>{if(this._leakageMon&&this._size>this._leakageMon.threshold*3)return console.warn(`[${this._leakageMon...<omitted>...N} could not be cloned.: Error: Failed to execute 'postMessage' on 'Worker': (D,R,A)=>{if(this._leakageMon&&this._size>this._leakageMon.threshold*3)return console.warn(`[${this._leakageMon...<omitted>...N} could not be cloned.
    at vscode-file://vscode-app/opt/vscodium-bin/resources/app/out/vs/workbench/workbench.desktop.main.js:594:55056
2023-09-07 11:34:41.359 [error] Failed to execute 'postMessage' on 'Worker': (D,R,A)=>{if(this._leakageMon&&this._size>this._leakageMon.threshold*3)return console.warn(`[${this._leakageMon...<omitted>...N} could not be cloned.: Error: Failed to execute 'postMessage' on 'Worker': (D,R,A)=>{if(this._leakageMon&&this._size>this._leakageMon.threshold*3)return console.warn(`[${this._leakageMon...<omitted>...N} could not be cloned.
    at vscode-file://vscode-app/opt/vscodium-bin/resources/app/out/vs/workbench/workbench.desktop.main.js:594:55056
2023-09-07 11:34:57.769 [error] Failed to execute 'postMessage' on 'Worker': (D,R,A)=>{if(this._leakageMon&&this._size>this._leakageMon.threshold*3)return console.warn(`[${this._leakageMon...<omitted>...N} could not be cloned.: Error: Failed to execute 'postMessage' on 'Worker': (D,R,A)=>{if(this._leakageMon&&this._size>this._leakageMon.threshold*3)return console.warn(`[${this._leakageMon...<omitted>...N} could not be cloned.
    at vscode-file://vscode-app/opt/vscodium-bin/resources/app/out/vs/workbench/workbench.desktop.main.js:594:55056
2023-09-07 11:35:00.195 [error] Failed to execute 'postMessage' on 'Worker': (D,R,A)=>{if(this._leakageMon&&this._size>this._leakageMon.threshold*3)return console.warn(`[${this._leakageMon...<omitted>...N} could not be cloned.: Error: Failed to execute 'postMessage' on 'Worker': (D,R,A)=>{if(this._leakageMon&&this._size>this._leakageMon.threshold*3)return console.warn(`[${this._leakageMon...<omitted>...N} could not be cloned.
    at vscode-file://vscode-app/opt/vscodium-bin/resources/app/out/vs/workbench/workbench.desktop.main.js:594:55056
2023-09-07 11:36:32.761 [error] Failed to execute 'postMessage' on 'Worker': (D,R,A)=>{if(this._leakageMon&&this._size>this._leakageMon.threshold*3)return console.warn(`[${this._leakageMon...<omitted>...N} could not be cloned.: Error: Failed to execute 'postMessage' on 'Worker': (D,R,A)=>{if(this._leakageMon&&this._size>this._leakageMon.threshold*3)return console.warn(`[${this._leakageMon...<omitted>...N} could not be cloned.
    at vscode-file://vscode-app/opt/vscodium-bin/resources/app/out/vs/workbench/workbench.desktop.main.js:594:55056
2023-09-07 11:36:36.913 [error] Failed to execute 'postMessage' on 'Worker': (D,R,A)=>{if(this._leakageMon&&this._size>this._leakageMon.threshold*3)return console.warn(`[${this._leakageMon...<omitted>...N} could not be cloned.: Error: Failed to execute 'postMessage' on 'Worker': (D,R,A)=>{if(this._leakageMon&&this._size>this._leakageMon.threshold*3)return console.warn(`[${this._leakageMon...<omitted>...N} could not be cloned.
    at vscode-file://vscode-app/opt/vscodium-bin/resources/app/out/vs/workbench/workbench.desktop.main.js:594:55056
2023-09-07 11:36:42.085 [error] Failed to execute 'postMessage' on 'Worker': (D,R,A)=>{if(this._leakageMon&&this._size>this._leakageMon.threshold*3)return console.warn(`[${this._leakageMon...<omitted>...N} could not be cloned.: Error: Failed to execute 'postMessage' on 'Worker': (D,R,A)=>{if(this._leakageMon&&this._size>this._leakageMon.threshold*3)return console.warn(`[${this._leakageMon...<omitted>...N} could not be cloned.
    at vscode-file://vscode-app/opt/vscodium-bin/resources/app/out/vs/workbench/workbench.desktop.main.js:594:55056
2023-09-07 11:43:33.797 [error] Failed to execute 'postMessage' on 'Worker': (D,R,A)=>{if(this._leakageMon&&this._size>this._leakageMon.threshold*3)return console.warn(`[${this._leakageMon...<omitted>...N} could not be cloned.: Error: Failed to execute 'postMessage' on 'Worker': (D,R,A)=>{if(this._leakageMon&&this._size>this._leakageMon.threshold*3)return console.warn(`[${this._leakageMon...<omitted>...N} could not be cloned.
    at vscode-file://vscode-app/opt/vscodium-bin/resources/app/out/vs/workbench/workbench.desktop.main.js:594:55056
2023-09-07 11:43:39.692 [error] Failed to execute 'postMessage' on 'Worker': (D,R,A)=>{if(this._leakageMon&&this._size>this._leakageMon.threshold*3)return console.warn(`[${this._leakageMon...<omitted>...N} could not be cloned.: Error: Failed to execute 'postMessage' on 'Worker': (D,R,A)=>{if(this._leakageMon&&this._size>this._leakageMon.threshold*3)return console.warn(`[${this._leakageMon...<omitted>...N} could not be cloned.
    at vscode-file://vscode-app/opt/vscodium-bin/resources/app/out/vs/workbench/workbench.desktop.main.js:594:55056
2023-09-07 11:43:47.666 [error] Failed to execute 'postMessage' on 'Worker': (D,R,A)=>{if(this._leakageMon&&this._size>this._leakageMon.threshold*3)return console.warn(`[${this._leakageMon...<omitted>...N} could not be cloned.: Error: Failed to execute 'postMessage' on 'Worker': (D,R,A)=>{if(this._leakageMon&&this._size>this._leakageMon.threshold*3)return console.warn(`[${this._leakageMon...<omitted>...N} could not be cloned.
    at vscode-file://vscode-app/opt/vscodium-bin/resources/app/out/vs/workbench/workbench.desktop.main.js:594:55056
2023-09-07 11:45:08.767 [error] Failed to execute 'postMessage' on 'Worker': (D,R,A)=>{if(this._leakageMon&&this._size>this._leakageMon.threshold*3)return console.warn(`[${this._leakageMon...<omitted>...N} could not be cloned.: Error: Failed to execute 'postMessage' on 'Worker': (D,R,A)=>{if(this._leakageMon&&this._size>this._leakageMon.threshold*3)return console.warn(`[${this._leakageMon...<omitted>...N} could not be cloned.
    at vscode-file://vscode-app/opt/vscodium-bin/resources/app/out/vs/workbench/workbench.desktop.main.js:594:55056
2023-09-07 11:45:35.302 [error] Failed to execute 'postMessage' on 'Worker': (D,R,A)=>{if(this._leakageMon&&this._size>this._leakageMon.threshold*3)return console.warn(`[${this._leakageMon...<omitted>...N} could not be cloned.: Error: Failed to execute 'postMessage' on 'Worker': (D,R,A)=>{if(this._leakageMon&&this._size>this._leakageMon.threshold*3)return console.warn(`[${this._leakageMon...<omitted>...N} could not be cloned.
    at vscode-file://vscode-app/opt/vscodium-bin/resources/app/out/vs/workbench/workbench.desktop.main.js:594:55056
2023-09-07 11:45:38.936 [error] Failed to execute 'postMessage' on 'Worker': (D,R,A)=>{if(this._leakageMon&&this._size>this._leakageMon.threshold*3)return console.warn(`[${this._leakageMon...<omitted>...N} could not be cloned.: Error: Failed to execute 'postMessage' on 'Worker': (D,R,A)=>{if(this._leakageMon&&this._size>this._leakageMon.threshold*3)return console.warn(`[${this._leakageMon...<omitted>...N} could not be cloned.
    at vscode-file://vscode-app/opt/vscodium-bin/resources/app/out/vs/workbench/workbench.desktop.main.js:594:55056
2023-09-07 11:45:41.942 [error] Failed to execute 'postMessage' on 'Worker': (D,R,A)=>{if(this._leakageMon&&this._size>this._leakageMon.threshold*3)return console.warn(`[${this._leakageMon...<omitted>...N} could not be cloned.: Error: Failed to execute 'postMessage' on 'Worker': (D,R,A)=>{if(this._leakageMon&&this._size>this._leakageMon.threshold*3)return console.warn(`[${this._leakageMon...<omitted>...N} could not be cloned.
    at vscode-file://vscode-app/opt/vscodium-bin/resources/app/out/vs/workbench/workbench.desktop.main.js:594:55056
2023-09-07 11:45:46.935 [error] Failed to execute 'postMessage' on 'Worker': (D,R,A)=>{if(this._leakageMon&&this._size>this._leakageMon.threshold*3)return console.warn(`[${this._leakageMon...<omitted>...N} could not be cloned.: Error: Failed to execute 'postMessage' on 'Worker': (D,R,A)=>{if(this._leakageMon&&this._size>this._leakageMon.threshold*3)return console.warn(`[${this._leakageMon...<omitted>...N} could not be cloned.
    at vscode-file://vscode-app/opt/vscodium-bin/resources/app/out/vs/workbench/workbench.desktop.main.js:594:55056
2023-09-07 11:45:51.576 [error] Failed to execute 'postMessage' on 'Worker': (D,R,A)=>{if(this._leakageMon&&this._size>this._leakageMon.threshold*3)return console.warn(`[${this._leakageMon...<omitted>...N} could not be cloned.: Error: Failed to execute 'postMessage' on 'Worker': (D,R,A)=>{if(this._leakageMon&&this._size>this._leakageMon.threshold*3)return console.warn(`[${this._leakageMon...<omitted>...N} could not be cloned.
    at vscode-file://vscode-app/opt/vscodium-bin/resources/app/out/vs/workbench/workbench.desktop.main.js:594:55056
2023-09-07 11:45:53.812 [error] Failed to execute 'postMessage' on 'Worker': (D,R,A)=>{if(this._leakageMon&&this._size>this._leakageMon.threshold*3)return console.warn(`[${this._leakageMon...<omitted>...N} could not be cloned.: Error: Failed to execute 'postMessage' on 'Worker': (D,R,A)=>{if(this._leakageMon&&this._size>this._leakageMon.threshold*3)return console.warn(`[${this._leakageMon...<omitted>...N} could not be cloned.
    at vscode-file://vscode-app/opt/vscodium-bin/resources/app/out/vs/workbench/workbench.desktop.main.js:594:55056
2023-09-07 11:45:57.279 [error] Failed to execute 'postMessage' on 'Worker': (D,R,A)=>{if(this._leakageMon&&this._size>this._leakageMon.threshold*3)return console.warn(`[${this._leakageMon...<omitted>...N} could not be cloned.: Error: Failed to execute 'postMessage' on 'Worker': (D,R,A)=>{if(this._leakageMon&&this._size>this._leakageMon.threshold*3)return console.warn(`[${this._leakageMon...<omitted>...N} could not be cloned.
    at vscode-file://vscode-app/opt/vscodium-bin/resources/app/out/vs/workbench/workbench.desktop.main.js:594:55056
2023-09-07 11:47:49.816 [warning] Via 'product.json#extensionEnabledApiProposals' extension 'github.vscode-pull-request-github' wants API proposal 'quickPickItemIcon' but that proposal DOES NOT EXIST. Likely, the proposal has been finalized (check 'vscode.d.ts') or was abandoned.
2023-09-07 11:47:50.594 [warning] [REditorSupport.r]: Cannot register 'r.rpath.windows'. This property is already registered.
2023-09-07 11:47:50.595 [warning] [REditorSupport.r]: Cannot register 'r.rpath.mac'. This property is already registered.
2023-09-07 11:47:50.595 [warning] [REditorSupport.r]: Cannot register 'r.rpath.linux'. This property is already registered.
2023-09-07 11:47:50.596 [warning] [twxs.cmake]: Cannot register 'cmake.cmakePath'. This property is already registered.
2023-09-07 11:47:52.877 [error] [Extension Host] (node:168236) [DEP0005] DeprecationWarning: Buffer() is deprecated due to security and usability issues. Please use the Buffer.alloc(), Buffer.allocUnsafe(), or Buffer.from() methods instead.
(Use `exe --trace-deprecation ...` to show where the warning was created)
2023-09-07 11:47:52.938 [error] Error: Error while decrypting the ciphertext provided to safeStorage.decryptString. Encryption is not available.
    at M.encrypt (/opt/vscodium-bin/resources/app/out/vs/code/electron-main/main.js:42:13583)
    at Object.call (/opt/vscodium-bin/resources/app/out/vs/code/electron-main/main.js:25:5861)
    at C.onPromise (/opt/vscodium-bin/resources/app/out/vs/code/electron-main/main.js:23:5765)
    at C.onRawMessage (/opt/vscodium-bin/resources/app/out/vs/code/electron-main/main.js:23:5153)
    at o.value (/opt/vscodium-bin/resources/app/out/vs/code/electron-main/main.js:23:4441)
    at v._deliver (/opt/vscodium-bin/resources/app/out/vs/code/electron-main/main.js:18:2469)
    at v._deliverQueue (/opt/vscodium-bin/resources/app/out/vs/code/electron-main/main.js:18:2560)
    at v.fire (/opt/vscodium-bin/resources/app/out/vs/code/electron-main/main.js:18:2895)
    at o.value (/opt/vscodium-bin/resources/app/out/vs/code/electron-main/main.js:16:41505)
    at v._deliver (/opt/vscodium-bin/resources/app/out/vs/code/electron-main/main.js:18:2469)
    at v.fire (/opt/vscodium-bin/resources/app/out/vs/code/electron-main/main.js:18:2788)
    at o.value (/opt/vscodium-bin/resources/app/out/vs/code/electron-main/main.js:16:41699)
    at v._deliver (/opt/vscodium-bin/resources/app/out/vs/code/electron-main/main.js:18:2469)
    at v.fire (/opt/vscodium-bin/resources/app/out/vs/code/electron-main/main.js:18:2788)
    at re (/opt/vscodium-bin/resources/app/out/vs/code/electron-main/main.js:16:43949)
    at IpcMainImpl.h (/opt/vscodium-bin/resources/app/out/vs/code/electron-main/main.js:19:100108)
    at IpcMainImpl.emit (node:events:513:28)
    at EventEmitter.<anonymous> (node:electron/js2c/browser_init:2:81053)
    at EventEmitter.emit (node:events:513:28)
2023-09-07 11:47:56.409 [info] [perf] Render performance baseline is 186ms
2023-09-07 11:50:02.914 [error] Failed to execute 'postMessage' on 'Worker': (D,R,A)=>{if(this._leakageMon&&this._size>this._leakageMon.threshold*3)return console.warn(`[${this._leakageMon...<omitted>...N} could not be cloned.: Error: Failed to execute 'postMessage' on 'Worker': (D,R,A)=>{if(this._leakageMon&&this._size>this._leakageMon.threshold*3)return console.warn(`[${this._leakageMon...<omitted>...N} could not be cloned.
    at vscode-file://vscode-app/opt/vscodium-bin/resources/app/out/vs/workbench/workbench.desktop.main.js:594:55056
2023-09-07 11:50:06.582 [error] Failed to execute 'postMessage' on 'Worker': (D,R,A)=>{if(this._leakageMon&&this._size>this._leakageMon.threshold*3)return console.warn(`[${this._leakageMon...<omitted>...N} could not be cloned.: Error: Failed to execute 'postMessage' on 'Worker': (D,R,A)=>{if(this._leakageMon&&this._size>this._leakageMon.threshold*3)return console.warn(`[${this._leakageMon...<omitted>...N} could not be cloned.
    at vscode-file://vscode-app/opt/vscodium-bin/resources/app/out/vs/workbench/workbench.desktop.main.js:594:55056
2023-09-07 11:50:11.270 [error] Failed to execute 'postMessage' on 'Worker': (D,R,A)=>{if(this._leakageMon&&this._size>this._leakageMon.threshold*3)return console.warn(`[${this._leakageMon...<omitted>...N} could not be cloned.: Error: Failed to execute 'postMessage' on 'Worker': (D,R,A)=>{if(this._leakageMon&&this._size>this._leakageMon.threshold*3)return console.warn(`[${this._leakageMon...<omitted>...N} could not be cloned.
    at vscode-file://vscode-app/opt/vscodium-bin/resources/app/out/vs/workbench/workbench.desktop.main.js:594:55056
2023-09-07 11:50:15.064 [error] Failed to execute 'postMessage' on 'Worker': (D,R,A)=>{if(this._leakageMon&&this._size>this._leakageMon.threshold*3)return console.warn(`[${this._leakageMon...<omitted>...N} could not be cloned.: Error: Failed to execute 'postMessage' on 'Worker': (D,R,A)=>{if(this._leakageMon&&this._size>this._leakageMon.threshold*3)return console.warn(`[${this._leakageMon...<omitted>...N} could not be cloned.
    at vscode-file://vscode-app/opt/vscodium-bin/resources/app/out/vs/workbench/workbench.desktop.main.js:594:55056
2023-09-07 11:50:25.967 [error] Failed to execute 'postMessage' on 'Worker': (D,R,A)=>{if(this._leakageMon&&this._size>this._leakageMon.threshold*3)return console.warn(`[${this._leakageMon...<omitted>...N} could not be cloned.: Error: Failed to execute 'postMessage' on 'Worker': (D,R,A)=>{if(this._leakageMon&&this._size>this._leakageMon.threshold*3)return console.warn(`[${this._leakageMon...<omitted>...N} could not be cloned.
    at vscode-file://vscode-app/opt/vscodium-bin/resources/app/out/vs/workbench/workbench.desktop.main.js:594:55056
2023-09-07 11:51:05.813 [error] Failed to execute 'postMessage' on 'Worker': (D,R,A)=>{if(this._leakageMon&&this._size>this._leakageMon.threshold*3)return console.warn(`[${this._leakageMon...<omitted>...N} could not be cloned.: Error: Failed to execute 'postMessage' on 'Worker': (D,R,A)=>{if(this._leakageMon&&this._size>this._leakageMon.threshold*3)return console.warn(`[${this._leakageMon...<omitted>...N} could not be cloned.
    at vscode-file://vscode-app/opt/vscodium-bin/resources/app/out/vs/workbench/workbench.desktop.main.js:594:55056
