2023-09-07 11:31:45.313 [info] Added views:workbench.panel.markers.view in workbench.panel.markers
2023-09-07 11:31:45.313 [info] Added views:workbench.panel.output in workbench.panel.output
2023-09-07 11:31:45.313 [info] Added views:terminal in terminal
2023-09-07 11:31:45.313 [info] Added views:outline in workbench.view.explorer
2023-09-07 11:31:45.313 [info] Added views:workbench.scm in workbench.view.scm
2023-09-07 11:31:45.313 [info] Added views:workbench.view.search in workbench.view.search
2023-09-07 11:31:45.313 [info] Added views:timeline in workbench.view.explorer
2023-09-07 11:31:45.313 [info] Added views:workbench.explorer.fileView in workbench.view.explorer
2023-09-07 11:31:45.719 [info] Added views:dockerContainers,dockerImages,dockerRegistries,dockerNetworks,dockerVolumes,vscode-docker.views.dockerContexts,vscode-docker.views.help in workbench.view.extension.dockerView
2023-09-07 11:31:45.725 [info] Added views:liveshare.session in workbench.view.extension.liveshare
2023-09-07 11:31:45.726 [info] Added views:platformio-ide.quickAccess in workbench.view.extension.platformio
2023-09-07 11:31:45.727 [info] Added views:platformio-debug.peripherals,platformio-debug.registers,platformio-debug.memory,platformio-debug.disassembly in workbench.view.debug
2023-09-07 11:31:45.728 [info] Added views:workspaceViewer in workbench.view.extension.workspaceViewer
2023-09-07 11:31:46.051 [info] Added views:workbench.debug.welcome in workbench.view.debug
2023-09-07 11:31:46.089 [info] Added views:workbench.panel.repl.view in workbench.panel.repl
2023-09-07 11:31:46.412 [info] Added views:workbench.views.extensions.installed,workbench.views.extensions.popular,extensions.recommendedList in workbench.view.extensions
2023-09-07 11:31:46.415 [info] Removed views:workbench.views.extensions.popular from workbench.view.extensions
2023-09-07 11:31:46.687 [info] Added views:rHelpPages in workbench.view.extension.workspaceViewer
2023-09-07 11:31:47.138 [info] Removed views:extensions.recommendedList,workbench.views.extensions.installed from workbench.view.extensions
2023-09-07 11:31:47.191 [info] Added views:workbench.views.extensions.searchInstalled in workbench.view.extensions
2023-09-07 11:31:47.576 [info] Added views:rLiveShare in workbench.view.extension.workspaceViewer
2023-09-07 11:33:23.720 [info] Removed views:workbench.views.extensions.searchInstalled from workbench.view.extensions
2023-09-07 11:33:23.759 [info] Added views:workbench.views.extensions.installed,extensions.recommendedList in workbench.view.extensions
2023-09-07 11:33:46.107 [info] Added views:jupyterViewVariables in workbench.view.extension.jupyter-variables
2023-09-07 11:33:46.172 [info] Added views:cell-tag in workbench.view.extension.jupyter-variables
2023-09-07 11:33:46.319 [info] Added views:workbench.view.testing in workbench.view.extension.test
2023-09-07 11:39:54.555 [info] Removed views:extensions.recommendedList,workbench.views.extensions.installed from workbench.view.extensions
2023-09-07 11:39:54.594 [info] Added views:workbench.views.extensions.marketplace in workbench.view.extensions
2023-09-07 11:46:53.947 [info] Removed views:workbench.views.extensions.marketplace from workbench.view.extensions
2023-09-07 11:46:53.999 [info] Added views:workbench.views.extensions.installed,extensions.recommendedList in workbench.view.extensions
2023-09-07 11:47:39.977 [info] Removed views:extensions.recommendedList,workbench.views.extensions.installed from workbench.view.extensions
2023-09-07 11:47:40.011 [info] Added views:workbench.views.extensions.marketplace in workbench.view.extensions
2023-09-07 11:47:47.779 [info] Removed views:workbench.view.testing from workbench.view.extension.test
2023-09-07 11:47:50.184 [info] Added views:workbench.panel.markers.view in workbench.panel.markers
2023-09-07 11:47:50.184 [info] Added views:workbench.panel.output in workbench.panel.output
2023-09-07 11:47:50.184 [info] Added views:terminal in terminal
2023-09-07 11:47:50.184 [info] Added views:outline in workbench.view.explorer
2023-09-07 11:47:50.184 [info] Added views:workbench.scm in workbench.view.scm
2023-09-07 11:47:50.184 [info] Added views:workbench.view.search in workbench.view.search
2023-09-07 11:47:50.184 [info] Added views:timeline in workbench.view.explorer
2023-09-07 11:47:50.184 [info] Added views:workbench.debug.welcome in workbench.view.debug
2023-09-07 11:47:50.184 [info] Added views:workbench.explorer.fileView in workbench.view.explorer
2023-09-07 11:47:50.773 [info] Added views:dockerContainers,dockerImages,dockerRegistries,dockerNetworks,dockerVolumes,vscode-docker.views.dockerContexts,vscode-docker.views.help in workbench.view.extension.dockerView
2023-09-07 11:47:50.774 [info] Added views:liveshare.session in workbench.view.extension.liveshare
2023-09-07 11:47:50.775 [info] Added views:platformio-ide.quickAccess in workbench.view.extension.platformio
2023-09-07 11:47:50.776 [info] Added views:platformio-debug.peripherals,platformio-debug.registers,platformio-debug.memory,platformio-debug.disassembly in workbench.view.debug
2023-09-07 11:47:50.776 [info] Added views:workspaceViewer in workbench.view.extension.workspaceViewer
2023-09-07 11:47:51.034 [info] Added views:workbench.panel.repl.view in workbench.panel.repl
2023-09-07 11:47:52.287 [info] Added views:jupyterViewVariables in workbench.view.extension.jupyter-variables
2023-09-07 11:47:52.298 [info] Added views:cell-tag in workbench.view.extension.jupyter-variables
2023-09-07 11:47:52.549 [info] Added views:rHelpPages in workbench.view.extension.workspaceViewer
2023-09-07 11:47:52.984 [info] Added views:workbench.view.testing in workbench.view.extension.test
2023-09-07 11:47:53.997 [info] Added views:workbench.views.extensions.searchInstalled in workbench.view.extensions
2023-09-07 11:47:54.876 [info] Added views:rLiveShare in workbench.view.extension.workspaceViewer
2023-09-07 11:48:39.179 [info] Removed views:workbench.views.extensions.searchInstalled from workbench.view.extensions
2023-09-07 11:48:39.206 [info] Added views:workbench.views.extensions.marketplace in workbench.view.extensions
2023-09-07 11:48:42.049 [info] Removed views:workbench.views.extensions.marketplace from workbench.view.extensions
2023-09-07 11:48:42.082 [info] Added views:workbench.views.extensions.installed,extensions.recommendedList in workbench.view.extensions
2023-09-07 11:48:43.917 [info] Removed views:extensions.recommendedList,workbench.views.extensions.installed from workbench.view.extensions
2023-09-07 11:48:43.934 [info] Added views:workbench.views.extensions.marketplace in workbench.view.extensions
2023-09-07 11:49:03.622 [info] Removed views:workbench.views.extensions.marketplace from workbench.view.extensions
2023-09-07 11:49:03.668 [info] Added views:workbench.views.extensions.installed,extensions.recommendedList in workbench.view.extensions
2023-09-07 11:49:07.569 [info] Removed views:extensions.recommendedList,workbench.views.extensions.installed from workbench.view.extensions
2023-09-07 11:49:07.638 [info] Added views:workbench.views.extensions.marketplace in workbench.view.extensions
2023-09-07 13:50:33.036 [info] Removed views:workbench.view.testing from workbench.view.extension.test
