2023-09-07 11:31:46.473 [info] Log level: Info
2023-09-07 11:31:46.473 [info] Validating found git in: "git"
2023-09-07 11:31:46.473 [info] Using git "2.42.0" from "git"
2023-09-07 11:31:46.473 [info] > git rev-parse --show-toplevel [103ms]
2023-09-07 11:31:46.473 [info] > git rev-parse --git-dir --git-common-dir [53ms]
2023-09-07 11:31:46.473 [info] Open repository: /home/mouss/Documents/Cours/5A GPSE - MSc IoT
2023-09-07 11:31:46.485 [info] > git rev-parse --show-toplevel [3ms]
2023-09-07 11:31:46.486 [info] > git config --get commit.template [13ms]
2023-09-07 11:31:46.503 [info] > git for-each-ref --format=%(refname)%00%(upstream:short)%00%(objectname)%00%(upstream:track)%00%(upstream:remotename)%00%(upstream:remoteref) refs/heads/master refs/remotes/master [6ms]
2023-09-07 11:31:46.519 [info] > git status -z -uall [5ms]
2023-09-07 11:31:46.578 [info] > git config --get commit.template [11ms]
2023-09-07 11:31:46.579 [info] > git for-each-ref --format=%(refname)%00%(upstream:short)%00%(objectname)%00%(upstream:track)%00%(upstream:remotename)%00%(upstream:remoteref) refs/heads/master refs/remotes/master [2ms]
2023-09-07 11:31:46.591 [info] > git status -z -uall [3ms]
2023-09-07 11:33:18.771 [info] > git check-ignore -v -z --stdin [1ms]
2023-09-07 11:33:26.864 [info] > git check-ignore -v -z --stdin [2ms]
2023-09-07 11:33:35.585 [info] > git show --textconv :Mathématiques/statistics/.Rhistory [14ms]
2023-09-07 11:33:35.593 [info] > git ls-files --stage -- /home/mouss/Documents/Cours/5A GPSE - MSc IoT/Mathématiques/statistics/.Rhistory [10ms]
2023-09-07 11:33:38.718 [info] > git show --textconv :Mathématiques/statistics/TPs R/.Rhistory [19ms]
2023-09-07 11:33:38.721 [info] > git ls-files --stage -- /home/mouss/Documents/Cours/5A GPSE - MSc IoT/Mathématiques/statistics/TPs R/.Rhistory [6ms]
2023-09-07 11:33:39.094 [info] > git check-ignore -v -z --stdin [2ms]
2023-09-07 11:33:39.661 [info] > git config --get commit.template [10ms]
2023-09-07 11:33:39.662 [info] > git for-each-ref --format=%(refname)%00%(upstream:short)%00%(objectname)%00%(upstream:track)%00%(upstream:remotename)%00%(upstream:remoteref) refs/heads/master refs/remotes/master [3ms]
2023-09-07 11:33:39.673 [info] > git status -z -uall [3ms]
2023-09-07 11:42:34.811 [info] > git config --get commit.template [12ms]
2023-09-07 11:42:34.813 [info] > git for-each-ref --format=%(refname)%00%(upstream:short)%00%(objectname)%00%(upstream:track)%00%(upstream:remotename)%00%(upstream:remoteref) refs/heads/master refs/remotes/master [2ms]
2023-09-07 11:42:34.826 [info] > git status -z -uall [2ms]
2023-09-07 11:43:11.207 [info] > git config --get commit.template [15ms]
2023-09-07 11:43:11.208 [info] > git for-each-ref --format=%(refname)%00%(upstream:short)%00%(objectname)%00%(upstream:track)%00%(upstream:remotename)%00%(upstream:remoteref) refs/heads/master refs/remotes/master [2ms]
2023-09-07 11:43:11.223 [info] > git status -z -uall [2ms]
2023-09-07 11:45:30.713 [info] > git config --get commit.template [17ms]
2023-09-07 11:45:30.714 [info] > git for-each-ref --format=%(refname)%00%(upstream:short)%00%(objectname)%00%(upstream:track)%00%(upstream:remotename)%00%(upstream:remoteref) refs/heads/master refs/remotes/master [3ms]
2023-09-07 11:45:30.732 [info] > git status -z -uall [2ms]
2023-09-07 11:47:01.843 [info] > git config --get commit.template [18ms]
2023-09-07 11:47:01.846 [info] > git for-each-ref --format=%(refname)%00%(upstream:short)%00%(objectname)%00%(upstream:track)%00%(upstream:remotename)%00%(upstream:remoteref) refs/heads/master refs/remotes/master [5ms]
2023-09-07 11:47:01.863 [info] > git status -z -uall [3ms]
2023-09-07 11:47:08.938 [info] > git config --get commit.template [16ms]
2023-09-07 11:47:08.939 [info] > git for-each-ref --format=%(refname)%00%(upstream:short)%00%(objectname)%00%(upstream:track)%00%(upstream:remotename)%00%(upstream:remoteref) refs/heads/master refs/remotes/master [2ms]
2023-09-07 11:47:08.955 [info] > git status -z -uall [2ms]
2023-09-07 11:47:52.620 [info] Log level: Info
2023-09-07 11:47:52.620 [info] Validating found git in: "git"
2023-09-07 11:47:52.620 [info] Using git "2.42.0" from "git"
2023-09-07 11:47:52.630 [info] > git rev-parse --show-toplevel [38ms]
2023-09-07 11:47:53.148 [info] > git rev-parse --git-dir --git-common-dir [263ms]
2023-09-07 11:47:53.209 [info] Open repository: /home/mouss/Documents/Cours/5A GPSE - MSc IoT
2023-09-07 11:47:53.993 [info] > git config --get commit.template [639ms]
2023-09-07 11:47:54.018 [info] > git rev-parse --show-toplevel [33ms]
2023-09-07 11:47:54.047 [info] > git for-each-ref --format=%(refname)%00%(upstream:short)%00%(objectname)%00%(upstream:track)%00%(upstream:remotename)%00%(upstream:remoteref) refs/heads/master refs/remotes/master [9ms]
2023-09-07 11:47:54.103 [info] > git status -z -uall [39ms]
2023-09-07 11:47:54.230 [info] > git config --get commit.template [16ms]
2023-09-07 11:47:54.231 [info] > git rev-parse --show-toplevel [88ms]
2023-09-07 11:47:54.319 [info] > git for-each-ref --format=%(refname)%00%(upstream:short)%00%(objectname)%00%(upstream:track)%00%(upstream:remotename)%00%(upstream:remoteref) refs/heads/master refs/remotes/master [20ms]
2023-09-07 11:47:54.352 [info] > git status -z -uall [14ms]
2023-09-07 11:47:54.561 [info] > git check-ignore -v -z --stdin [42ms]
2023-09-07 11:49:02.888 [info] > git config --get commit.template [15ms]
2023-09-07 11:49:02.889 [info] > git for-each-ref --format=%(refname)%00%(upstream:short)%00%(objectname)%00%(upstream:track)%00%(upstream:remotename)%00%(upstream:remoteref) refs/heads/master refs/remotes/master [3ms]
2023-09-07 11:49:02.907 [info] > git status -z -uall [5ms]
2023-09-07 11:49:39.003 [info] > git config --get commit.template [17ms]
2023-09-07 11:49:39.004 [info] > git for-each-ref --format=%(refname)%00%(upstream:short)%00%(objectname)%00%(upstream:track)%00%(upstream:remotename)%00%(upstream:remoteref) refs/heads/master refs/remotes/master [2ms]
2023-09-07 11:49:39.023 [info] > git status -z -uall [3ms]
2023-09-07 13:50:30.380 [info] > git config --get commit.template [26ms]
2023-09-07 13:50:30.384 [info] > git for-each-ref --format=%(refname)%00%(upstream:short)%00%(objectname)%00%(upstream:track)%00%(upstream:remotename)%00%(upstream:remoteref) refs/heads/master refs/remotes/master [11ms]
2023-09-07 13:50:30.410 [info] > git status -z -uall [7ms]
